<?xml version="1.0" encoding="UTF-8"?>
<robot generator="Robot 3.2.2 (Python 3.8.5 on win32)" generated="20200906 11:06:40.871" rpa="false">
<suite id="s1" name="Delete &amp; Get &amp; Post &amp; Put">
<suite id="s1-s1" name="Delete" source="C:\Users\User\Desktop\NN\test_cases\delete.robot">
<test id="s1-s1-t1" name="Delete specific payment as admin">
<kw name="Given i have payments" library="keywords">
<kw name="i request to create a payment" library="keywords">
<arguments>
<arg>${user}</arg>
<arg>${user}</arg>
</arguments>
<kw name="Create Dictionary" library="BuiltIn">
<doc>Creates and returns a dictionary based on the given ``items``.</doc>
<arguments>
<arg>purchase=${purchase}</arg>
<arg>amount=${amount}</arg>
<arg>currency=${currency}</arg>
</arguments>
<assign>
<var>${req_dict}</var>
</assign>
<msg timestamp="20200906 11:06:41.059" level="INFO">${req_dict} = {'purchase': '1', 'amount': '949.0', 'currency': 'GBP'}</msg>
<status status="PASS" starttime="20200906 11:06:41.059" endtime="20200906 11:06:41.059"></status>
</kw>
<kw name="Dumps" library="json">
<doc>Serialize ``obj`` to a JSON formatted ``str``.</doc>
<arguments>
<arg>${req_dict}</arg>
</arguments>
<assign>
<var>${req_json}</var>
</assign>
<msg timestamp="20200906 11:06:41.059" level="INFO">${req_json} = {"purchase": "1", "amount": "949.0", "currency": "GBP"}</msg>
<status status="PASS" starttime="20200906 11:06:41.059" endtime="20200906 11:06:41.059"></status>
</kw>
<kw name="Convert To Boolean" library="BuiltIn">
<doc>Converts the given item to Boolean true or false.</doc>
<arguments>
<arg>False</arg>
</arguments>
<assign>
<var>${false}</var>
</assign>
<msg timestamp="20200906 11:06:41.059" level="INFO">${false} = False</msg>
<status status="PASS" starttime="20200906 11:06:41.059" endtime="20200906 11:06:41.059"></status>
</kw>
<kw name="Evaluate" library="BuiltIn">
<doc>Evaluates the given expression in Python and returns the result.</doc>
<arguments>
<arg>("${user}", "${passwd}",)</arg>
</arguments>
<assign>
<var>${user_pass}</var>
</assign>
<msg timestamp="20200906 11:06:41.059" level="INFO">${user_pass} = ('admin', 'admin')</msg>
<status status="PASS" starttime="20200906 11:06:41.059" endtime="20200906 11:06:41.059"></status>
</kw>
<kw name="Log To Console" library="BuiltIn">
<doc>Logs the given message to the console.</doc>
<arguments>
<arg>Json: ${req_json}</arg>
</arguments>
<status status="PASS" starttime="20200906 11:06:41.059" endtime="20200906 11:06:41.059"></status>
</kw>
<kw name="Put" library="requests">
<doc>Sends a PUT request.</doc>
<arguments>
<arg>${url}</arg>
<arg>data=${req_json}</arg>
<arg>auth=${user_pass}</arg>
<arg>headers=${headers}</arg>
</arguments>
<assign>
<var>${resp_put}</var>
</assign>
<msg timestamp="20200906 11:06:43.295" level="INFO">${resp_put} = &lt;Response [200]&gt;</msg>
<status status="PASS" starttime="20200906 11:06:41.059" endtime="20200906 11:06:43.311"></status>
</kw>
<kw name="Set Global Variable" library="BuiltIn">
<doc>Makes a variable available globally in all tests and suites.</doc>
<arguments>
<arg>${resp_put}</arg>
</arguments>
<msg timestamp="20200906 11:06:43.311" level="INFO">${resp_put} = &lt;Response [200]&gt;</msg>
<status status="PASS" starttime="20200906 11:06:43.311" endtime="20200906 11:06:43.311"></status>
</kw>
<kw name="Set Global Variable" library="BuiltIn">
<doc>Makes a variable available globally in all tests and suites.</doc>
<arguments>
<arg>${user}</arg>
</arguments>
<msg timestamp="20200906 11:06:43.311" level="INFO">${user} = admin</msg>
<status status="PASS" starttime="20200906 11:06:43.311" endtime="20200906 11:06:43.311"></status>
</kw>
<kw name="Set Global Variable" library="BuiltIn">
<doc>Makes a variable available globally in all tests and suites.</doc>
<arguments>
<arg>${req_json}</arg>
</arguments>
<msg timestamp="20200906 11:06:43.311" level="INFO">${req_json} = {"purchase": "1", "amount": "949.0", "currency": "GBP"}</msg>
<status status="PASS" starttime="20200906 11:06:43.311" endtime="20200906 11:06:43.311"></status>
</kw>
<status status="PASS" starttime="20200906 11:06:41.059" endtime="20200906 11:06:43.311"></status>
</kw>
<kw name="i request to create a payment" library="keywords">
<arguments>
<arg>${user}</arg>
<arg>${user}</arg>
<arg>${purchase_usd}</arg>
<arg>${amount_usd}</arg>
<arg>${currency_usd}</arg>
</arguments>
<kw name="Create Dictionary" library="BuiltIn">
<doc>Creates and returns a dictionary based on the given ``items``.</doc>
<arguments>
<arg>purchase=${purchase}</arg>
<arg>amount=${amount}</arg>
<arg>currency=${currency}</arg>
</arguments>
<assign>
<var>${req_dict}</var>
</assign>
<msg timestamp="20200906 11:06:43.311" level="INFO">${req_dict} = {'purchase': '5', 'amount': '1542.0', 'currency': 'USD'}</msg>
<status status="PASS" starttime="20200906 11:06:43.311" endtime="20200906 11:06:43.311"></status>
</kw>
<kw name="Dumps" library="json">
<doc>Serialize ``obj`` to a JSON formatted ``str``.</doc>
<arguments>
<arg>${req_dict}</arg>
</arguments>
<assign>
<var>${req_json}</var>
</assign>
<msg timestamp="20200906 11:06:43.311" level="INFO">${req_json} = {"purchase": "5", "amount": "1542.0", "currency": "USD"}</msg>
<status status="PASS" starttime="20200906 11:06:43.311" endtime="20200906 11:06:43.311"></status>
</kw>
<kw name="Convert To Boolean" library="BuiltIn">
<doc>Converts the given item to Boolean true or false.</doc>
<arguments>
<arg>False</arg>
</arguments>
<assign>
<var>${false}</var>
</assign>
<msg timestamp="20200906 11:06:43.311" level="INFO">${false} = False</msg>
<status status="PASS" starttime="20200906 11:06:43.311" endtime="20200906 11:06:43.311"></status>
</kw>
<kw name="Evaluate" library="BuiltIn">
<doc>Evaluates the given expression in Python and returns the result.</doc>
<arguments>
<arg>("${user}", "${passwd}",)</arg>
</arguments>
<assign>
<var>${user_pass}</var>
</assign>
<msg timestamp="20200906 11:06:43.311" level="INFO">${user_pass} = ('admin', 'admin')</msg>
<status status="PASS" starttime="20200906 11:06:43.311" endtime="20200906 11:06:43.311"></status>
</kw>
<kw name="Log To Console" library="BuiltIn">
<doc>Logs the given message to the console.</doc>
<arguments>
<arg>Json: ${req_json}</arg>
</arguments>
<status status="PASS" starttime="20200906 11:06:43.311" endtime="20200906 11:06:43.311"></status>
</kw>
<kw name="Put" library="requests">
<doc>Sends a PUT request.</doc>
<arguments>
<arg>${url}</arg>
<arg>data=${req_json}</arg>
<arg>auth=${user_pass}</arg>
<arg>headers=${headers}</arg>
</arguments>
<assign>
<var>${resp_put}</var>
</assign>
<msg timestamp="20200906 11:06:45.520" level="INFO">${resp_put} = &lt;Response [200]&gt;</msg>
<status status="PASS" starttime="20200906 11:06:43.311" endtime="20200906 11:06:45.520"></status>
</kw>
<kw name="Set Global Variable" library="BuiltIn">
<doc>Makes a variable available globally in all tests and suites.</doc>
<arguments>
<arg>${resp_put}</arg>
</arguments>
<msg timestamp="20200906 11:06:45.520" level="INFO">${resp_put} = &lt;Response [200]&gt;</msg>
<status status="PASS" starttime="20200906 11:06:45.520" endtime="20200906 11:06:45.520"></status>
</kw>
<kw name="Set Global Variable" library="BuiltIn">
<doc>Makes a variable available globally in all tests and suites.</doc>
<arguments>
<arg>${user}</arg>
</arguments>
<msg timestamp="20200906 11:06:45.520" level="INFO">${user} = admin</msg>
<status status="PASS" starttime="20200906 11:06:45.520" endtime="20200906 11:06:45.520"></status>
</kw>
<kw name="Set Global Variable" library="BuiltIn">
<doc>Makes a variable available globally in all tests and suites.</doc>
<arguments>
<arg>${req_json}</arg>
</arguments>
<msg timestamp="20200906 11:06:45.520" level="INFO">${req_json} = {"purchase": "5", "amount": "1542.0", "currency": "USD"}</msg>
<status status="PASS" starttime="20200906 11:06:45.520" endtime="20200906 11:06:45.536"></status>
</kw>
<status status="PASS" starttime="20200906 11:06:43.311" endtime="20200906 11:06:45.536"></status>
</kw>
<kw name="Should Be True" library="BuiltIn">
<doc>Fails if the given condition is not true.</doc>
<arguments>
<arg>'${resp_put.status_code}'=='200'</arg>
</arguments>
<status status="PASS" starttime="20200906 11:06:45.536" endtime="20200906 11:06:45.536"></status>
</kw>
<status status="PASS" starttime="20200906 11:06:41.059" endtime="20200906 11:06:45.536"></status>
</kw>
<kw name="When i request to delete a payment as" library="keywords">
<arguments>
<arg>admin</arg>
<arg>admin</arg>
</arguments>
<kw name="Evaluate" library="BuiltIn">
<doc>Evaluates the given expression in Python and returns the result.</doc>
<arguments>
<arg>("${user}", "${passwd}",)</arg>
</arguments>
<assign>
<var>${user_pass}</var>
</assign>
<msg timestamp="20200906 11:06:45.536" level="INFO">${user_pass} = ('admin', 'admin')</msg>
<status status="PASS" starttime="20200906 11:06:45.536" endtime="20200906 11:06:45.536"></status>
</kw>
<kw name="Log To Console" library="BuiltIn">
<doc>Logs the given message to the console.</doc>
<arguments>
<arg>Json: ${req_json}</arg>
</arguments>
<status status="PASS" starttime="20200906 11:06:45.536" endtime="20200906 11:06:45.536"></status>
</kw>
<kw name="Delete" library="requests">
<doc>Sends a DELETE request.</doc>
<arguments>
<arg>${url}/2</arg>
<arg>auth=${user_pass}</arg>
<arg>headers=${headers}</arg>
</arguments>
<assign>
<var>${resp_delete}</var>
</assign>
<msg timestamp="20200906 11:06:47.760" level="INFO">${resp_delete} = &lt;Response [200]&gt;</msg>
<status status="PASS" starttime="20200906 11:06:45.536" endtime="20200906 11:06:47.760"></status>
</kw>
<kw name="Set Global Variable" library="BuiltIn">
<doc>Makes a variable available globally in all tests and suites.</doc>
<arguments>
<arg>${resp_delete}</arg>
</arguments>
<msg timestamp="20200906 11:06:47.760" level="INFO">${resp_delete} = &lt;Response [200]&gt;</msg>
<status status="PASS" starttime="20200906 11:06:47.760" endtime="20200906 11:06:47.760"></status>
</kw>
<status status="PASS" starttime="20200906 11:06:45.536" endtime="20200906 11:06:47.760"></status>
</kw>
<kw name="Then the payment should be deleted" library="keywords">
<kw name="i request to retrive the payments as" library="keywords">
<arguments>
<arg>admin</arg>
<arg>admin</arg>
</arguments>
<kw name="Convert To Boolean" library="BuiltIn">
<doc>Converts the given item to Boolean true or false.</doc>
<arguments>
<arg>False</arg>
</arguments>
<assign>
<var>${false}</var>
</assign>
<msg timestamp="20200906 11:06:47.760" level="INFO">${false} = False</msg>
<status status="PASS" starttime="20200906 11:06:47.760" endtime="20200906 11:06:47.760"></status>
</kw>
<kw name="Evaluate" library="BuiltIn">
<doc>Evaluates the given expression in Python and returns the result.</doc>
<arguments>
<arg>("${user}", "${passwd}",)</arg>
</arguments>
<assign>
<var>${user_pass}</var>
</assign>
<msg timestamp="20200906 11:06:47.776" level="INFO">${user_pass} = ('admin', 'admin')</msg>
<status status="PASS" starttime="20200906 11:06:47.760" endtime="20200906 11:06:47.776"></status>
</kw>
<kw name="Get" library="requests">
<doc>Sends a GET request.</doc>
<arguments>
<arg>${url}</arg>
<arg>auth=${user_pass}</arg>
<arg>headers=${headers}</arg>
</arguments>
<assign>
<var>${resp}</var>
</assign>
<msg timestamp="20200906 11:06:49.985" level="INFO">${resp} = &lt;Response [200]&gt;</msg>
<status status="PASS" starttime="20200906 11:06:47.776" endtime="20200906 11:06:49.985"></status>
</kw>
<kw name="Set Global Variable" library="BuiltIn">
<doc>Makes a variable available globally in all tests and suites.</doc>
<arguments>
<arg>${resp}</arg>
</arguments>
<msg timestamp="20200906 11:06:49.985" level="INFO">${resp} = &lt;Response [200]&gt;</msg>
<status status="PASS" starttime="20200906 11:06:49.985" endtime="20200906 11:06:49.985"></status>
</kw>
<kw name="Set Global Variable" library="BuiltIn">
<doc>Makes a variable available globally in all tests and suites.</doc>
<arguments>
<arg>${user}</arg>
</arguments>
<msg timestamp="20200906 11:06:49.985" level="INFO">${user} = admin</msg>
<status status="PASS" starttime="20200906 11:06:49.985" endtime="20200906 11:06:49.985"></status>
</kw>
<status status="PASS" starttime="20200906 11:06:47.760" endtime="20200906 11:06:49.985"></status>
</kw>
<kw name="Evaluate" library="BuiltIn">
<doc>Evaluates the given expression in Python and returns the result.</doc>
<arguments>
<arg>json.dumps(${resp.json()})</arg>
<arg>json</arg>
</arguments>
<assign>
<var>${resp_dict}</var>
</assign>
<msg timestamp="20200906 11:06:49.985" level="INFO">${resp_dict} = {"payments": [[1, 12345, "john", 12.5, "EUR", 1], [3, 5, "admin", 1542.0, "USD", 0]]}</msg>
<status status="PASS" starttime="20200906 11:06:49.985" endtime="20200906 11:06:49.985"></status>
</kw>
<kw name="Evaluate" library="BuiltIn">
<doc>Evaluates the given expression in Python and returns the result.</doc>
<arguments>
<arg>json.loads('''${resp_dict}''')</arg>
<arg>json</arg>
</arguments>
<assign>
<var>${data}</var>
</assign>
<msg timestamp="20200906 11:06:49.985" level="INFO">${data} = {'payments': [[1, 12345, 'john', 12.5, 'EUR', 1], [3, 5, 'admin', 1542.0, 'USD', 0]]}</msg>
<status status="PASS" starttime="20200906 11:06:49.985" endtime="20200906 11:06:49.985"></status>
</kw>
<kw name="Should Not Be True" library="BuiltIn">
<doc>Fails if the given condition is true.</doc>
<arguments>
<arg>${data["payments"][1][0]}==2</arg>
</arguments>
<status status="PASS" starttime="20200906 11:06:49.985" endtime="20200906 11:06:49.985"></status>
</kw>
<status status="PASS" starttime="20200906 11:06:47.760" endtime="20200906 11:06:49.985"></status>
</kw>
<kw name="Restore Database" library="keywords" type="teardown">
<kw name="i request to retrive the payments as" library="keywords">
<arguments>
<arg>admin</arg>
<arg>admin</arg>
</arguments>
<kw name="Convert To Boolean" library="BuiltIn">
<doc>Converts the given item to Boolean true or false.</doc>
<arguments>
<arg>False</arg>
</arguments>
<assign>
<var>${false}</var>
</assign>
<msg timestamp="20200906 11:06:49.985" level="INFO">${false} = False</msg>
<status status="PASS" starttime="20200906 11:06:49.985" endtime="20200906 11:06:49.985"></status>
</kw>
<kw name="Evaluate" library="BuiltIn">
<doc>Evaluates the given expression in Python and returns the result.</doc>
<arguments>
<arg>("${user}", "${passwd}",)</arg>
</arguments>
<assign>
<var>${user_pass}</var>
</assign>
<msg timestamp="20200906 11:06:49.985" level="INFO">${user_pass} = ('admin', 'admin')</msg>
<status status="PASS" starttime="20200906 11:06:49.985" endtime="20200906 11:06:49.985"></status>
</kw>
<kw name="Get" library="requests">
<doc>Sends a GET request.</doc>
<arguments>
<arg>${url}</arg>
<arg>auth=${user_pass}</arg>
<arg>headers=${headers}</arg>
</arguments>
<assign>
<var>${resp}</var>
</assign>
<msg timestamp="20200906 11:06:52.220" level="INFO">${resp} = &lt;Response [200]&gt;</msg>
<status status="PASS" starttime="20200906 11:06:49.985" endtime="20200906 11:06:52.220"></status>
</kw>
<kw name="Set Global Variable" library="BuiltIn">
<doc>Makes a variable available globally in all tests and suites.</doc>
<arguments>
<arg>${resp}</arg>
</arguments>
<msg timestamp="20200906 11:06:52.220" level="INFO">${resp} = &lt;Response [200]&gt;</msg>
<status status="PASS" starttime="20200906 11:06:52.220" endtime="20200906 11:06:52.220"></status>
</kw>
<kw name="Set Global Variable" library="BuiltIn">
<doc>Makes a variable available globally in all tests and suites.</doc>
<arguments>
<arg>${user}</arg>
</arguments>
<msg timestamp="20200906 11:06:52.221" level="INFO">${user} = admin</msg>
<status status="PASS" starttime="20200906 11:06:52.220" endtime="20200906 11:06:52.221"></status>
</kw>
<status status="PASS" starttime="20200906 11:06:49.985" endtime="20200906 11:06:52.221"></status>
</kw>
<kw name="Log To Console" library="BuiltIn">
<doc>Logs the given message to the console.</doc>
<arguments>
<arg>Jsonnn: ${resp.json()}</arg>
</arguments>
<status status="PASS" starttime="20200906 11:06:52.221" endtime="20200906 11:06:52.222"></status>
</kw>
<kw name="Evaluate" library="BuiltIn">
<doc>Evaluates the given expression in Python and returns the result.</doc>
<arguments>
<arg>json.dumps(${resp.json()})</arg>
<arg>json</arg>
</arguments>
<assign>
<var>${resp_dict}</var>
</assign>
<msg timestamp="20200906 11:06:52.222" level="INFO">${resp_dict} = {"payments": [[1, 12345, "john", 12.5, "EUR", 1], [3, 5, "admin", 1542.0, "USD", 0]]}</msg>
<status status="PASS" starttime="20200906 11:06:52.222" endtime="20200906 11:06:52.222"></status>
</kw>
<kw name="Evaluate" library="BuiltIn">
<doc>Evaluates the given expression in Python and returns the result.</doc>
<arguments>
<arg>json.loads('''${resp_dict}''')</arg>
<arg>json</arg>
</arguments>
<assign>
<var>${data}</var>
</assign>
<msg timestamp="20200906 11:06:52.223" level="INFO">${data} = {'payments': [[1, 12345, 'john', 12.5, 'EUR', 1], [3, 5, 'admin', 1542.0, 'USD', 0]]}</msg>
<status status="PASS" starttime="20200906 11:06:52.222" endtime="20200906 11:06:52.223"></status>
</kw>
<kw name="Get Length" library="BuiltIn">
<doc>Returns and logs the length of the given item as an integer.</doc>
<arguments>
<arg>${data["payments"]}</arg>
</arguments>
<assign>
<var>${lenght}</var>
</assign>
<msg timestamp="20200906 11:06:52.223" level="INFO">Length is 2</msg>
<msg timestamp="20200906 11:06:52.223" level="INFO">${lenght} = 2</msg>
<status status="PASS" starttime="20200906 11:06:52.223" endtime="20200906 11:06:52.223"></status>
</kw>
<kw name="Create List" library="BuiltIn">
<doc>Returns a list containing given items.</doc>
<assign>
<var>@{L1}</var>
</assign>
<msg timestamp="20200906 11:06:52.223" level="INFO">@{L1} = [ ]</msg>
<status status="PASS" starttime="20200906 11:06:52.223" endtime="20200906 11:06:52.224"></status>
</kw>
<kw name="${loop} IN RANGE [ 0 | ${lenght} ]" type="for">
<kw name="${loop} = 0" type="foritem">
<kw name="Append To List" library="Collections">
<doc>Adds ``values`` to the end of ``list``.</doc>
<arguments>
<arg>${L1}</arg>
<arg>${data["payments"][${loop}][0]}</arg>
</arguments>
<status status="PASS" starttime="20200906 11:06:52.224" endtime="20200906 11:06:52.224"></status>
</kw>
<status status="PASS" starttime="20200906 11:06:52.224" endtime="20200906 11:06:52.224"></status>
</kw>
<kw name="${loop} = 1" type="foritem">
<kw name="Append To List" library="Collections">
<doc>Adds ``values`` to the end of ``list``.</doc>
<arguments>
<arg>${L1}</arg>
<arg>${data["payments"][${loop}][0]}</arg>
</arguments>
<status status="PASS" starttime="20200906 11:06:52.224" endtime="20200906 11:06:52.225"></status>
</kw>
<status status="PASS" starttime="20200906 11:06:52.224" endtime="20200906 11:06:52.225"></status>
</kw>
<status status="PASS" starttime="20200906 11:06:52.224" endtime="20200906 11:06:52.225"></status>
</kw>
<kw name="Log Many" library="BuiltIn">
<doc>Logs the given messages as separate entries using the INFO level.</doc>
<arguments>
<arg>List:</arg>
<arg>@{L1}</arg>
</arguments>
<msg timestamp="20200906 11:06:52.225" level="INFO">List:</msg>
<msg timestamp="20200906 11:06:52.225" level="INFO">1</msg>
<msg timestamp="20200906 11:06:52.225" level="INFO">3</msg>
<status status="PASS" starttime="20200906 11:06:52.225" endtime="20200906 11:06:52.225"></status>
</kw>
<kw name="Evaluate" library="BuiltIn">
<doc>Evaluates the given expression in Python and returns the result.</doc>
<arguments>
<arg>("admin", "admin",)</arg>
</arguments>
<assign>
<var>${user_pass}</var>
</assign>
<msg timestamp="20200906 11:06:52.225" level="INFO">${user_pass} = ('admin', 'admin')</msg>
<status status="PASS" starttime="20200906 11:06:52.225" endtime="20200906 11:06:52.225"></status>
</kw>
<kw name="Get Length" library="BuiltIn">
<doc>Returns and logs the length of the given item as an integer.</doc>
<arguments>
<arg>${L1}</arg>
</arguments>
<assign>
<var>${lenght_list}</var>
</assign>
<msg timestamp="20200906 11:06:52.226" level="INFO">Length is 2</msg>
<msg timestamp="20200906 11:06:52.226" level="INFO">${lenght_list} = 2</msg>
<status status="PASS" starttime="20200906 11:06:52.226" endtime="20200906 11:06:52.226"></status>
</kw>
<kw name="${loop_list} IN RANGE [ 1 | ${lenght_list} ]" type="for">
<kw name="${loop_list} = 1" type="foritem">
<kw name="Delete" library="requests">
<doc>Sends a DELETE request.</doc>
<arguments>
<arg>${url}/${L1}[${loop_list}]</arg>
<arg>auth=${user_pass}</arg>
<arg>headers=${headers}</arg>
</arguments>
<assign>
<var>${resp_delete}</var>
</assign>
<msg timestamp="20200906 11:06:54.433" level="INFO">${resp_delete} = &lt;Response [200]&gt;</msg>
<status status="PASS" starttime="20200906 11:06:52.226" endtime="20200906 11:06:54.433"></status>
</kw>
<status status="PASS" starttime="20200906 11:06:52.226" endtime="20200906 11:06:54.433"></status>
</kw>
<status status="PASS" starttime="20200906 11:06:52.226" endtime="20200906 11:06:54.433"></status>
</kw>
<status status="PASS" starttime="20200906 11:06:49.985" endtime="20200906 11:06:54.433"></status>
</kw>
<status status="PASS" starttime="20200906 11:06:41.059" endtime="20200906 11:06:54.433" critical="yes"></status>
</test>
<test id="s1-s1-t2" name="Delete payment as user">
<kw name="Given i have payments" library="keywords">
<arguments>
<arg>john</arg>
</arguments>
<kw name="i request to create a payment" library="keywords">
<arguments>
<arg>${user}</arg>
<arg>${user}</arg>
</arguments>
<kw name="Create Dictionary" library="BuiltIn">
<doc>Creates and returns a dictionary based on the given ``items``.</doc>
<arguments>
<arg>purchase=${purchase}</arg>
<arg>amount=${amount}</arg>
<arg>currency=${currency}</arg>
</arguments>
<assign>
<var>${req_dict}</var>
</assign>
<msg timestamp="20200906 11:06:54.449" level="INFO">${req_dict} = {'purchase': '1', 'amount': '949.0', 'currency': 'GBP'}</msg>
<status status="PASS" starttime="20200906 11:06:54.449" endtime="20200906 11:06:54.449"></status>
</kw>
<kw name="Dumps" library="json">
<doc>Serialize ``obj`` to a JSON formatted ``str``.</doc>
<arguments>
<arg>${req_dict}</arg>
</arguments>
<assign>
<var>${req_json}</var>
</assign>
<msg timestamp="20200906 11:06:54.449" level="INFO">${req_json} = {"purchase": "1", "amount": "949.0", "currency": "GBP"}</msg>
<status status="PASS" starttime="20200906 11:06:54.449" endtime="20200906 11:06:54.449"></status>
</kw>
<kw name="Convert To Boolean" library="BuiltIn">
<doc>Converts the given item to Boolean true or false.</doc>
<arguments>
<arg>False</arg>
</arguments>
<assign>
<var>${false}</var>
</assign>
<msg timestamp="20200906 11:06:54.449" level="INFO">${false} = False</msg>
<status status="PASS" starttime="20200906 11:06:54.449" endtime="20200906 11:06:54.449"></status>
</kw>
<kw name="Evaluate" library="BuiltIn">
<doc>Evaluates the given expression in Python and returns the result.</doc>
<arguments>
<arg>("${user}", "${passwd}",)</arg>
</arguments>
<assign>
<var>${user_pass}</var>
</assign>
<msg timestamp="20200906 11:06:54.449" level="INFO">${user_pass} = ('john', 'john')</msg>
<status status="PASS" starttime="20200906 11:06:54.449" endtime="20200906 11:06:54.449"></status>
</kw>
<kw name="Log To Console" library="BuiltIn">
<doc>Logs the given message to the console.</doc>
<arguments>
<arg>Json: ${req_json}</arg>
</arguments>
<status status="PASS" starttime="20200906 11:06:54.449" endtime="20200906 11:06:54.449"></status>
</kw>
<kw name="Put" library="requests">
<doc>Sends a PUT request.</doc>
<arguments>
<arg>${url}</arg>
<arg>data=${req_json}</arg>
<arg>auth=${user_pass}</arg>
<arg>headers=${headers}</arg>
</arguments>
<assign>
<var>${resp_put}</var>
</assign>
<msg timestamp="20200906 11:06:56.673" level="INFO">${resp_put} = &lt;Response [200]&gt;</msg>
<status status="PASS" starttime="20200906 11:06:54.449" endtime="20200906 11:06:56.673"></status>
</kw>
<kw name="Set Global Variable" library="BuiltIn">
<doc>Makes a variable available globally in all tests and suites.</doc>
<arguments>
<arg>${resp_put}</arg>
</arguments>
<msg timestamp="20200906 11:06:56.673" level="INFO">${resp_put} = &lt;Response [200]&gt;</msg>
<status status="PASS" starttime="20200906 11:06:56.673" endtime="20200906 11:06:56.673"></status>
</kw>
<kw name="Set Global Variable" library="BuiltIn">
<doc>Makes a variable available globally in all tests and suites.</doc>
<arguments>
<arg>${user}</arg>
</arguments>
<msg timestamp="20200906 11:06:56.673" level="INFO">${user} = john</msg>
<status status="PASS" starttime="20200906 11:06:56.673" endtime="20200906 11:06:56.673"></status>
</kw>
<kw name="Set Global Variable" library="BuiltIn">
<doc>Makes a variable available globally in all tests and suites.</doc>
<arguments>
<arg>${req_json}</arg>
</arguments>
<msg timestamp="20200906 11:06:56.673" level="INFO">${req_json} = {"purchase": "1", "amount": "949.0", "currency": "GBP"}</msg>
<status status="PASS" starttime="20200906 11:06:56.673" endtime="20200906 11:06:56.673"></status>
</kw>
<status status="PASS" starttime="20200906 11:06:54.449" endtime="20200906 11:06:56.673"></status>
</kw>
<kw name="i request to create a payment" library="keywords">
<arguments>
<arg>${user}</arg>
<arg>${user}</arg>
<arg>${purchase_usd}</arg>
<arg>${amount_usd}</arg>
<arg>${currency_usd}</arg>
</arguments>
<kw name="Create Dictionary" library="BuiltIn">
<doc>Creates and returns a dictionary based on the given ``items``.</doc>
<arguments>
<arg>purchase=${purchase}</arg>
<arg>amount=${amount}</arg>
<arg>currency=${currency}</arg>
</arguments>
<assign>
<var>${req_dict}</var>
</assign>
<msg timestamp="20200906 11:06:56.673" level="INFO">${req_dict} = {'purchase': '5', 'amount': '1542.0', 'currency': 'USD'}</msg>
<status status="PASS" starttime="20200906 11:06:56.673" endtime="20200906 11:06:56.673"></status>
</kw>
<kw name="Dumps" library="json">
<doc>Serialize ``obj`` to a JSON formatted ``str``.</doc>
<arguments>
<arg>${req_dict}</arg>
</arguments>
<assign>
<var>${req_json}</var>
</assign>
<msg timestamp="20200906 11:06:56.673" level="INFO">${req_json} = {"purchase": "5", "amount": "1542.0", "currency": "USD"}</msg>
<status status="PASS" starttime="20200906 11:06:56.673" endtime="20200906 11:06:56.673"></status>
</kw>
<kw name="Convert To Boolean" library="BuiltIn">
<doc>Converts the given item to Boolean true or false.</doc>
<arguments>
<arg>False</arg>
</arguments>
<assign>
<var>${false}</var>
</assign>
<msg timestamp="20200906 11:06:56.673" level="INFO">${false} = False</msg>
<status status="PASS" starttime="20200906 11:06:56.673" endtime="20200906 11:06:56.673"></status>
</kw>
<kw name="Evaluate" library="BuiltIn">
<doc>Evaluates the given expression in Python and returns the result.</doc>
<arguments>
<arg>("${user}", "${passwd}",)</arg>
</arguments>
<assign>
<var>${user_pass}</var>
</assign>
<msg timestamp="20200906 11:06:56.673" level="INFO">${user_pass} = ('john', 'john')</msg>
<status status="PASS" starttime="20200906 11:06:56.673" endtime="20200906 11:06:56.673"></status>
</kw>
<kw name="Log To Console" library="BuiltIn">
<doc>Logs the given message to the console.</doc>
<arguments>
<arg>Json: ${req_json}</arg>
</arguments>
<status status="PASS" starttime="20200906 11:06:56.673" endtime="20200906 11:06:56.673"></status>
</kw>
<kw name="Put" library="requests">
<doc>Sends a PUT request.</doc>
<arguments>
<arg>${url}</arg>
<arg>data=${req_json}</arg>
<arg>auth=${user_pass}</arg>
<arg>headers=${headers}</arg>
</arguments>
<assign>
<var>${resp_put}</var>
</assign>
<msg timestamp="20200906 11:06:58.892" level="INFO">${resp_put} = &lt;Response [200]&gt;</msg>
<status status="PASS" starttime="20200906 11:06:56.673" endtime="20200906 11:06:58.892"></status>
</kw>
<kw name="Set Global Variable" library="BuiltIn">
<doc>Makes a variable available globally in all tests and suites.</doc>
<arguments>
<arg>${resp_put}</arg>
</arguments>
<msg timestamp="20200906 11:06:58.892" level="INFO">${resp_put} = &lt;Response [200]&gt;</msg>
<status status="PASS" starttime="20200906 11:06:58.892" endtime="20200906 11:06:58.892"></status>
</kw>
<kw name="Set Global Variable" library="BuiltIn">
<doc>Makes a variable available globally in all tests and suites.</doc>
<arguments>
<arg>${user}</arg>
</arguments>
<msg timestamp="20200906 11:06:58.892" level="INFO">${user} = john</msg>
<status status="PASS" starttime="20200906 11:06:58.892" endtime="20200906 11:06:58.892"></status>
</kw>
<kw name="Set Global Variable" library="BuiltIn">
<doc>Makes a variable available globally in all tests and suites.</doc>
<arguments>
<arg>${req_json}</arg>
</arguments>
<msg timestamp="20200906 11:06:58.892" level="INFO">${req_json} = {"purchase": "5", "amount": "1542.0", "currency": "USD"}</msg>
<status status="PASS" starttime="20200906 11:06:58.892" endtime="20200906 11:06:58.892"></status>
</kw>
<status status="PASS" starttime="20200906 11:06:56.673" endtime="20200906 11:06:58.892"></status>
</kw>
<kw name="Should Be True" library="BuiltIn">
<doc>Fails if the given condition is not true.</doc>
<arguments>
<arg>'${resp_put.status_code}'=='200'</arg>
</arguments>
<status status="PASS" starttime="20200906 11:06:58.892" endtime="20200906 11:06:58.892"></status>
</kw>
<status status="PASS" starttime="20200906 11:06:54.449" endtime="20200906 11:06:58.892"></status>
</kw>
<kw name="When i request to delete a payment as" library="keywords">
<arguments>
<arg>john</arg>
<arg>john</arg>
</arguments>
<kw name="Evaluate" library="BuiltIn">
<doc>Evaluates the given expression in Python and returns the result.</doc>
<arguments>
<arg>("${user}", "${passwd}",)</arg>
</arguments>
<assign>
<var>${user_pass}</var>
</assign>
<msg timestamp="20200906 11:06:58.892" level="INFO">${user_pass} = ('john', 'john')</msg>
<status status="PASS" starttime="20200906 11:06:58.892" endtime="20200906 11:06:58.892"></status>
</kw>
<kw name="Log To Console" library="BuiltIn">
<doc>Logs the given message to the console.</doc>
<arguments>
<arg>Json: ${req_json}</arg>
</arguments>
<status status="PASS" starttime="20200906 11:06:58.892" endtime="20200906 11:06:58.892"></status>
</kw>
<kw name="Delete" library="requests">
<doc>Sends a DELETE request.</doc>
<arguments>
<arg>${url}/2</arg>
<arg>auth=${user_pass}</arg>
<arg>headers=${headers}</arg>
</arguments>
<assign>
<var>${resp_delete}</var>
</assign>
<msg timestamp="20200906 11:07:01.132" level="INFO">${resp_delete} = &lt;Response [200]&gt;</msg>
<status status="PASS" starttime="20200906 11:06:58.892" endtime="20200906 11:07:01.132"></status>
</kw>
<kw name="Set Global Variable" library="BuiltIn">
<doc>Makes a variable available globally in all tests and suites.</doc>
<arguments>
<arg>${resp_delete}</arg>
</arguments>
<msg timestamp="20200906 11:07:01.132" level="INFO">${resp_delete} = &lt;Response [200]&gt;</msg>
<status status="PASS" starttime="20200906 11:07:01.132" endtime="20200906 11:07:01.132"></status>
</kw>
<status status="PASS" starttime="20200906 11:06:58.892" endtime="20200906 11:07:01.132"></status>
</kw>
<kw name="Then the payment should be deleted" library="keywords">
<kw name="i request to retrive the payments as" library="keywords">
<arguments>
<arg>admin</arg>
<arg>admin</arg>
</arguments>
<kw name="Convert To Boolean" library="BuiltIn">
<doc>Converts the given item to Boolean true or false.</doc>
<arguments>
<arg>False</arg>
</arguments>
<assign>
<var>${false}</var>
</assign>
<msg timestamp="20200906 11:07:01.132" level="INFO">${false} = False</msg>
<status status="PASS" starttime="20200906 11:07:01.132" endtime="20200906 11:07:01.132"></status>
</kw>
<kw name="Evaluate" library="BuiltIn">
<doc>Evaluates the given expression in Python and returns the result.</doc>
<arguments>
<arg>("${user}", "${passwd}",)</arg>
</arguments>
<assign>
<var>${user_pass}</var>
</assign>
<msg timestamp="20200906 11:07:01.148" level="INFO">${user_pass} = ('admin', 'admin')</msg>
<status status="PASS" starttime="20200906 11:07:01.148" endtime="20200906 11:07:01.148"></status>
</kw>
<kw name="Get" library="requests">
<doc>Sends a GET request.</doc>
<arguments>
<arg>${url}</arg>
<arg>auth=${user_pass}</arg>
<arg>headers=${headers}</arg>
</arguments>
<assign>
<var>${resp}</var>
</assign>
<msg timestamp="20200906 11:07:03.387" level="INFO">${resp} = &lt;Response [200]&gt;</msg>
<status status="PASS" starttime="20200906 11:07:01.148" endtime="20200906 11:07:03.387"></status>
</kw>
<kw name="Set Global Variable" library="BuiltIn">
<doc>Makes a variable available globally in all tests and suites.</doc>
<arguments>
<arg>${resp}</arg>
</arguments>
<msg timestamp="20200906 11:07:03.388" level="INFO">${resp} = &lt;Response [200]&gt;</msg>
<status status="PASS" starttime="20200906 11:07:03.387" endtime="20200906 11:07:03.388"></status>
</kw>
<kw name="Set Global Variable" library="BuiltIn">
<doc>Makes a variable available globally in all tests and suites.</doc>
<arguments>
<arg>${user}</arg>
</arguments>
<msg timestamp="20200906 11:07:03.388" level="INFO">${user} = admin</msg>
<status status="PASS" starttime="20200906 11:07:03.388" endtime="20200906 11:07:03.388"></status>
</kw>
<status status="PASS" starttime="20200906 11:07:01.132" endtime="20200906 11:07:03.388"></status>
</kw>
<kw name="Evaluate" library="BuiltIn">
<doc>Evaluates the given expression in Python and returns the result.</doc>
<arguments>
<arg>json.dumps(${resp.json()})</arg>
<arg>json</arg>
</arguments>
<assign>
<var>${resp_dict}</var>
</assign>
<msg timestamp="20200906 11:07:03.389" level="INFO">${resp_dict} = {"payments": [[1, 12345, "john", 12.5, "EUR", 1], [3, 5, "john", 1542.0, "USD", 0]]}</msg>
<status status="PASS" starttime="20200906 11:07:03.388" endtime="20200906 11:07:03.389"></status>
</kw>
<kw name="Evaluate" library="BuiltIn">
<doc>Evaluates the given expression in Python and returns the result.</doc>
<arguments>
<arg>json.loads('''${resp_dict}''')</arg>
<arg>json</arg>
</arguments>
<assign>
<var>${data}</var>
</assign>
<msg timestamp="20200906 11:07:03.389" level="INFO">${data} = {'payments': [[1, 12345, 'john', 12.5, 'EUR', 1], [3, 5, 'john', 1542.0, 'USD', 0]]}</msg>
<status status="PASS" starttime="20200906 11:07:03.389" endtime="20200906 11:07:03.389"></status>
</kw>
<kw name="Should Not Be True" library="BuiltIn">
<doc>Fails if the given condition is true.</doc>
<arguments>
<arg>${data["payments"][1][0]}==2</arg>
</arguments>
<status status="PASS" starttime="20200906 11:07:03.390" endtime="20200906 11:07:03.390"></status>
</kw>
<status status="PASS" starttime="20200906 11:07:01.132" endtime="20200906 11:07:03.390"></status>
</kw>
<kw name="Restore Database" library="keywords" type="teardown">
<kw name="i request to retrive the payments as" library="keywords">
<arguments>
<arg>admin</arg>
<arg>admin</arg>
</arguments>
<kw name="Convert To Boolean" library="BuiltIn">
<doc>Converts the given item to Boolean true or false.</doc>
<arguments>
<arg>False</arg>
</arguments>
<assign>
<var>${false}</var>
</assign>
<msg timestamp="20200906 11:07:03.392" level="INFO">${false} = False</msg>
<status status="PASS" starttime="20200906 11:07:03.392" endtime="20200906 11:07:03.392"></status>
</kw>
<kw name="Evaluate" library="BuiltIn">
<doc>Evaluates the given expression in Python and returns the result.</doc>
<arguments>
<arg>("${user}", "${passwd}",)</arg>
</arguments>
<assign>
<var>${user_pass}</var>
</assign>
<msg timestamp="20200906 11:07:03.392" level="INFO">${user_pass} = ('admin', 'admin')</msg>
<status status="PASS" starttime="20200906 11:07:03.392" endtime="20200906 11:07:03.392"></status>
</kw>
<kw name="Get" library="requests">
<doc>Sends a GET request.</doc>
<arguments>
<arg>${url}</arg>
<arg>auth=${user_pass}</arg>
<arg>headers=${headers}</arg>
</arguments>
<assign>
<var>${resp}</var>
</assign>
<msg timestamp="20200906 11:07:05.610" level="INFO">${resp} = &lt;Response [200]&gt;</msg>
<status status="PASS" starttime="20200906 11:07:03.392" endtime="20200906 11:07:05.610"></status>
</kw>
<kw name="Set Global Variable" library="BuiltIn">
<doc>Makes a variable available globally in all tests and suites.</doc>
<arguments>
<arg>${resp}</arg>
</arguments>
<msg timestamp="20200906 11:07:05.610" level="INFO">${resp} = &lt;Response [200]&gt;</msg>
<status status="PASS" starttime="20200906 11:07:05.610" endtime="20200906 11:07:05.610"></status>
</kw>
<kw name="Set Global Variable" library="BuiltIn">
<doc>Makes a variable available globally in all tests and suites.</doc>
<arguments>
<arg>${user}</arg>
</arguments>
<msg timestamp="20200906 11:07:05.610" level="INFO">${user} = admin</msg>
<status status="PASS" starttime="20200906 11:07:05.610" endtime="20200906 11:07:05.610"></status>
</kw>
<status status="PASS" starttime="20200906 11:07:03.391" endtime="20200906 11:07:05.610"></status>
</kw>
<kw name="Log To Console" library="BuiltIn">
<doc>Logs the given message to the console.</doc>
<arguments>
<arg>Jsonnn: ${resp.json()}</arg>
</arguments>
<status status="PASS" starttime="20200906 11:07:05.626" endtime="20200906 11:07:05.626"></status>
</kw>
<kw name="Evaluate" library="BuiltIn">
<doc>Evaluates the given expression in Python and returns the result.</doc>
<arguments>
<arg>json.dumps(${resp.json()})</arg>
<arg>json</arg>
</arguments>
<assign>
<var>${resp_dict}</var>
</assign>
<msg timestamp="20200906 11:07:05.626" level="INFO">${resp_dict} = {"payments": [[1, 12345, "john", 12.5, "EUR", 1], [3, 5, "john", 1542.0, "USD", 0]]}</msg>
<status status="PASS" starttime="20200906 11:07:05.626" endtime="20200906 11:07:05.626"></status>
</kw>
<kw name="Evaluate" library="BuiltIn">
<doc>Evaluates the given expression in Python and returns the result.</doc>
<arguments>
<arg>json.loads('''${resp_dict}''')</arg>
<arg>json</arg>
</arguments>
<assign>
<var>${data}</var>
</assign>
<msg timestamp="20200906 11:07:05.626" level="INFO">${data} = {'payments': [[1, 12345, 'john', 12.5, 'EUR', 1], [3, 5, 'john', 1542.0, 'USD', 0]]}</msg>
<status status="PASS" starttime="20200906 11:07:05.626" endtime="20200906 11:07:05.626"></status>
</kw>
<kw name="Get Length" library="BuiltIn">
<doc>Returns and logs the length of the given item as an integer.</doc>
<arguments>
<arg>${data["payments"]}</arg>
</arguments>
<assign>
<var>${lenght}</var>
</assign>
<msg timestamp="20200906 11:07:05.626" level="INFO">Length is 2</msg>
<msg timestamp="20200906 11:07:05.626" level="INFO">${lenght} = 2</msg>
<status status="PASS" starttime="20200906 11:07:05.626" endtime="20200906 11:07:05.626"></status>
</kw>
<kw name="Create List" library="BuiltIn">
<doc>Returns a list containing given items.</doc>
<assign>
<var>@{L1}</var>
</assign>
<msg timestamp="20200906 11:07:05.626" level="INFO">@{L1} = [ ]</msg>
<status status="PASS" starttime="20200906 11:07:05.626" endtime="20200906 11:07:05.626"></status>
</kw>
<kw name="${loop} IN RANGE [ 0 | ${lenght} ]" type="for">
<kw name="${loop} = 0" type="foritem">
<kw name="Append To List" library="Collections">
<doc>Adds ``values`` to the end of ``list``.</doc>
<arguments>
<arg>${L1}</arg>
<arg>${data["payments"][${loop}][0]}</arg>
</arguments>
<status status="PASS" starttime="20200906 11:07:05.626" endtime="20200906 11:07:05.626"></status>
</kw>
<status status="PASS" starttime="20200906 11:07:05.626" endtime="20200906 11:07:05.626"></status>
</kw>
<kw name="${loop} = 1" type="foritem">
<kw name="Append To List" library="Collections">
<doc>Adds ``values`` to the end of ``list``.</doc>
<arguments>
<arg>${L1}</arg>
<arg>${data["payments"][${loop}][0]}</arg>
</arguments>
<status status="PASS" starttime="20200906 11:07:05.626" endtime="20200906 11:07:05.626"></status>
</kw>
<status status="PASS" starttime="20200906 11:07:05.626" endtime="20200906 11:07:05.626"></status>
</kw>
<status status="PASS" starttime="20200906 11:07:05.626" endtime="20200906 11:07:05.626"></status>
</kw>
<kw name="Log Many" library="BuiltIn">
<doc>Logs the given messages as separate entries using the INFO level.</doc>
<arguments>
<arg>List:</arg>
<arg>@{L1}</arg>
</arguments>
<msg timestamp="20200906 11:07:05.626" level="INFO">List:</msg>
<msg timestamp="20200906 11:07:05.626" level="INFO">1</msg>
<msg timestamp="20200906 11:07:05.626" level="INFO">3</msg>
<status status="PASS" starttime="20200906 11:07:05.626" endtime="20200906 11:07:05.626"></status>
</kw>
<kw name="Evaluate" library="BuiltIn">
<doc>Evaluates the given expression in Python and returns the result.</doc>
<arguments>
<arg>("admin", "admin",)</arg>
</arguments>
<assign>
<var>${user_pass}</var>
</assign>
<msg timestamp="20200906 11:07:05.626" level="INFO">${user_pass} = ('admin', 'admin')</msg>
<status status="PASS" starttime="20200906 11:07:05.626" endtime="20200906 11:07:05.626"></status>
</kw>
<kw name="Get Length" library="BuiltIn">
<doc>Returns and logs the length of the given item as an integer.</doc>
<arguments>
<arg>${L1}</arg>
</arguments>
<assign>
<var>${lenght_list}</var>
</assign>
<msg timestamp="20200906 11:07:05.626" level="INFO">Length is 2</msg>
<msg timestamp="20200906 11:07:05.626" level="INFO">${lenght_list} = 2</msg>
<status status="PASS" starttime="20200906 11:07:05.626" endtime="20200906 11:07:05.626"></status>
</kw>
<kw name="${loop_list} IN RANGE [ 1 | ${lenght_list} ]" type="for">
<kw name="${loop_list} = 1" type="foritem">
<kw name="Delete" library="requests">
<doc>Sends a DELETE request.</doc>
<arguments>
<arg>${url}/${L1}[${loop_list}]</arg>
<arg>auth=${user_pass}</arg>
<arg>headers=${headers}</arg>
</arguments>
<assign>
<var>${resp_delete}</var>
</assign>
<msg timestamp="20200906 11:07:07.867" level="INFO">${resp_delete} = &lt;Response [200]&gt;</msg>
<status status="PASS" starttime="20200906 11:07:05.626" endtime="20200906 11:07:07.867"></status>
</kw>
<status status="PASS" starttime="20200906 11:07:05.626" endtime="20200906 11:07:07.867"></status>
</kw>
<status status="PASS" starttime="20200906 11:07:05.626" endtime="20200906 11:07:07.867"></status>
</kw>
<status status="PASS" starttime="20200906 11:07:03.391" endtime="20200906 11:07:07.867"></status>
</kw>
<status status="PASS" starttime="20200906 11:06:54.449" endtime="20200906 11:07:07.867" critical="yes"></status>
</test>
<test id="s1-s1-t3" name="Delete payment that was not created by user">
<kw name="Given i have payments" library="keywords">
<arguments>
<arg>admin</arg>
</arguments>
<kw name="i request to create a payment" library="keywords">
<arguments>
<arg>${user}</arg>
<arg>${user}</arg>
</arguments>
<kw name="Create Dictionary" library="BuiltIn">
<doc>Creates and returns a dictionary based on the given ``items``.</doc>
<arguments>
<arg>purchase=${purchase}</arg>
<arg>amount=${amount}</arg>
<arg>currency=${currency}</arg>
</arguments>
<assign>
<var>${req_dict}</var>
</assign>
<msg timestamp="20200906 11:07:07.867" level="INFO">${req_dict} = {'purchase': '1', 'amount': '949.0', 'currency': 'GBP'}</msg>
<status status="PASS" starttime="20200906 11:07:07.867" endtime="20200906 11:07:07.867"></status>
</kw>
<kw name="Dumps" library="json">
<doc>Serialize ``obj`` to a JSON formatted ``str``.</doc>
<arguments>
<arg>${req_dict}</arg>
</arguments>
<assign>
<var>${req_json}</var>
</assign>
<msg timestamp="20200906 11:07:07.867" level="INFO">${req_json} = {"purchase": "1", "amount": "949.0", "currency": "GBP"}</msg>
<status status="PASS" starttime="20200906 11:07:07.867" endtime="20200906 11:07:07.867"></status>
</kw>
<kw name="Convert To Boolean" library="BuiltIn">
<doc>Converts the given item to Boolean true or false.</doc>
<arguments>
<arg>False</arg>
</arguments>
<assign>
<var>${false}</var>
</assign>
<msg timestamp="20200906 11:07:07.867" level="INFO">${false} = False</msg>
<status status="PASS" starttime="20200906 11:07:07.867" endtime="20200906 11:07:07.867"></status>
</kw>
<kw name="Evaluate" library="BuiltIn">
<doc>Evaluates the given expression in Python and returns the result.</doc>
<arguments>
<arg>("${user}", "${passwd}",)</arg>
</arguments>
<assign>
<var>${user_pass}</var>
</assign>
<msg timestamp="20200906 11:07:07.867" level="INFO">${user_pass} = ('admin', 'admin')</msg>
<status status="PASS" starttime="20200906 11:07:07.867" endtime="20200906 11:07:07.867"></status>
</kw>
<kw name="Log To Console" library="BuiltIn">
<doc>Logs the given message to the console.</doc>
<arguments>
<arg>Json: ${req_json}</arg>
</arguments>
<status status="PASS" starttime="20200906 11:07:07.867" endtime="20200906 11:07:07.867"></status>
</kw>
<kw name="Put" library="requests">
<doc>Sends a PUT request.</doc>
<arguments>
<arg>${url}</arg>
<arg>data=${req_json}</arg>
<arg>auth=${user_pass}</arg>
<arg>headers=${headers}</arg>
</arguments>
<assign>
<var>${resp_put}</var>
</assign>
<msg timestamp="20200906 11:07:10.092" level="INFO">${resp_put} = &lt;Response [200]&gt;</msg>
<status status="PASS" starttime="20200906 11:07:07.867" endtime="20200906 11:07:10.092"></status>
</kw>
<kw name="Set Global Variable" library="BuiltIn">
<doc>Makes a variable available globally in all tests and suites.</doc>
<arguments>
<arg>${resp_put}</arg>
</arguments>
<msg timestamp="20200906 11:07:10.092" level="INFO">${resp_put} = &lt;Response [200]&gt;</msg>
<status status="PASS" starttime="20200906 11:07:10.092" endtime="20200906 11:07:10.092"></status>
</kw>
<kw name="Set Global Variable" library="BuiltIn">
<doc>Makes a variable available globally in all tests and suites.</doc>
<arguments>
<arg>${user}</arg>
</arguments>
<msg timestamp="20200906 11:07:10.092" level="INFO">${user} = admin</msg>
<status status="PASS" starttime="20200906 11:07:10.092" endtime="20200906 11:07:10.092"></status>
</kw>
<kw name="Set Global Variable" library="BuiltIn">
<doc>Makes a variable available globally in all tests and suites.</doc>
<arguments>
<arg>${req_json}</arg>
</arguments>
<msg timestamp="20200906 11:07:10.092" level="INFO">${req_json} = {"purchase": "1", "amount": "949.0", "currency": "GBP"}</msg>
<status status="PASS" starttime="20200906 11:07:10.092" endtime="20200906 11:07:10.092"></status>
</kw>
<status status="PASS" starttime="20200906 11:07:07.867" endtime="20200906 11:07:10.092"></status>
</kw>
<kw name="i request to create a payment" library="keywords">
<arguments>
<arg>${user}</arg>
<arg>${user}</arg>
<arg>${purchase_usd}</arg>
<arg>${amount_usd}</arg>
<arg>${currency_usd}</arg>
</arguments>
<kw name="Create Dictionary" library="BuiltIn">
<doc>Creates and returns a dictionary based on the given ``items``.</doc>
<arguments>
<arg>purchase=${purchase}</arg>
<arg>amount=${amount}</arg>
<arg>currency=${currency}</arg>
</arguments>
<assign>
<var>${req_dict}</var>
</assign>
<msg timestamp="20200906 11:07:10.092" level="INFO">${req_dict} = {'purchase': '5', 'amount': '1542.0', 'currency': 'USD'}</msg>
<status status="PASS" starttime="20200906 11:07:10.092" endtime="20200906 11:07:10.092"></status>
</kw>
<kw name="Dumps" library="json">
<doc>Serialize ``obj`` to a JSON formatted ``str``.</doc>
<arguments>
<arg>${req_dict}</arg>
</arguments>
<assign>
<var>${req_json}</var>
</assign>
<msg timestamp="20200906 11:07:10.092" level="INFO">${req_json} = {"purchase": "5", "amount": "1542.0", "currency": "USD"}</msg>
<status status="PASS" starttime="20200906 11:07:10.092" endtime="20200906 11:07:10.092"></status>
</kw>
<kw name="Convert To Boolean" library="BuiltIn">
<doc>Converts the given item to Boolean true or false.</doc>
<arguments>
<arg>False</arg>
</arguments>
<assign>
<var>${false}</var>
</assign>
<msg timestamp="20200906 11:07:10.108" level="INFO">${false} = False</msg>
<status status="PASS" starttime="20200906 11:07:10.092" endtime="20200906 11:07:10.108"></status>
</kw>
<kw name="Evaluate" library="BuiltIn">
<doc>Evaluates the given expression in Python and returns the result.</doc>
<arguments>
<arg>("${user}", "${passwd}",)</arg>
</arguments>
<assign>
<var>${user_pass}</var>
</assign>
<msg timestamp="20200906 11:07:10.108" level="INFO">${user_pass} = ('admin', 'admin')</msg>
<status status="PASS" starttime="20200906 11:07:10.108" endtime="20200906 11:07:10.108"></status>
</kw>
<kw name="Log To Console" library="BuiltIn">
<doc>Logs the given message to the console.</doc>
<arguments>
<arg>Json: ${req_json}</arg>
</arguments>
<status status="PASS" starttime="20200906 11:07:10.108" endtime="20200906 11:07:10.108"></status>
</kw>
<kw name="Put" library="requests">
<doc>Sends a PUT request.</doc>
<arguments>
<arg>${url}</arg>
<arg>data=${req_json}</arg>
<arg>auth=${user_pass}</arg>
<arg>headers=${headers}</arg>
</arguments>
<assign>
<var>${resp_put}</var>
</assign>
<msg timestamp="20200906 11:07:12.385" level="INFO">${resp_put} = &lt;Response [200]&gt;</msg>
<status status="PASS" starttime="20200906 11:07:10.108" endtime="20200906 11:07:12.385"></status>
</kw>
<kw name="Set Global Variable" library="BuiltIn">
<doc>Makes a variable available globally in all tests and suites.</doc>
<arguments>
<arg>${resp_put}</arg>
</arguments>
<msg timestamp="20200906 11:07:12.386" level="INFO">${resp_put} = &lt;Response [200]&gt;</msg>
<status status="PASS" starttime="20200906 11:07:12.385" endtime="20200906 11:07:12.386"></status>
</kw>
<kw name="Set Global Variable" library="BuiltIn">
<doc>Makes a variable available globally in all tests and suites.</doc>
<arguments>
<arg>${user}</arg>
</arguments>
<msg timestamp="20200906 11:07:12.387" level="INFO">${user} = admin</msg>
<status status="PASS" starttime="20200906 11:07:12.386" endtime="20200906 11:07:12.387"></status>
</kw>
<kw name="Set Global Variable" library="BuiltIn">
<doc>Makes a variable available globally in all tests and suites.</doc>
<arguments>
<arg>${req_json}</arg>
</arguments>
<msg timestamp="20200906 11:07:12.389" level="INFO">${req_json} = {"purchase": "5", "amount": "1542.0", "currency": "USD"}</msg>
<status status="PASS" starttime="20200906 11:07:12.388" endtime="20200906 11:07:12.389"></status>
</kw>
<status status="PASS" starttime="20200906 11:07:10.092" endtime="20200906 11:07:12.389"></status>
</kw>
<kw name="Should Be True" library="BuiltIn">
<doc>Fails if the given condition is not true.</doc>
<arguments>
<arg>'${resp_put.status_code}'=='200'</arg>
</arguments>
<status status="PASS" starttime="20200906 11:07:12.390" endtime="20200906 11:07:12.391"></status>
</kw>
<status status="PASS" starttime="20200906 11:07:07.867" endtime="20200906 11:07:12.391"></status>
</kw>
<kw name="When i request to delete a payment as" library="keywords">
<arguments>
<arg>john</arg>
<arg>john</arg>
</arguments>
<kw name="Evaluate" library="BuiltIn">
<doc>Evaluates the given expression in Python and returns the result.</doc>
<arguments>
<arg>("${user}", "${passwd}",)</arg>
</arguments>
<assign>
<var>${user_pass}</var>
</assign>
<msg timestamp="20200906 11:07:12.393" level="INFO">${user_pass} = ('john', 'john')</msg>
<status status="PASS" starttime="20200906 11:07:12.392" endtime="20200906 11:07:12.393"></status>
</kw>
<kw name="Log To Console" library="BuiltIn">
<doc>Logs the given message to the console.</doc>
<arguments>
<arg>Json: ${req_json}</arg>
</arguments>
<status status="PASS" starttime="20200906 11:07:12.393" endtime="20200906 11:07:12.393"></status>
</kw>
<kw name="Delete" library="requests">
<doc>Sends a DELETE request.</doc>
<arguments>
<arg>${url}/2</arg>
<arg>auth=${user_pass}</arg>
<arg>headers=${headers}</arg>
</arguments>
<assign>
<var>${resp_delete}</var>
</assign>
<msg timestamp="20200906 11:07:14.632" level="INFO">${resp_delete} = &lt;Response [200]&gt;</msg>
<status status="PASS" starttime="20200906 11:07:12.394" endtime="20200906 11:07:14.632"></status>
</kw>
<kw name="Set Global Variable" library="BuiltIn">
<doc>Makes a variable available globally in all tests and suites.</doc>
<arguments>
<arg>${resp_delete}</arg>
</arguments>
<msg timestamp="20200906 11:07:14.632" level="INFO">${resp_delete} = &lt;Response [200]&gt;</msg>
<status status="PASS" starttime="20200906 11:07:14.632" endtime="20200906 11:07:14.632"></status>
</kw>
<status status="PASS" starttime="20200906 11:07:12.391" endtime="20200906 11:07:14.632"></status>
</kw>
<kw name="Then the payment should not be deleted" library="keywords">
<kw name="i request to retrive the payments as" library="keywords">
<arguments>
<arg>admin</arg>
<arg>admin</arg>
</arguments>
<kw name="Convert To Boolean" library="BuiltIn">
<doc>Converts the given item to Boolean true or false.</doc>
<arguments>
<arg>False</arg>
</arguments>
<assign>
<var>${false}</var>
</assign>
<msg timestamp="20200906 11:07:14.632" level="INFO">${false} = False</msg>
<status status="PASS" starttime="20200906 11:07:14.632" endtime="20200906 11:07:14.632"></status>
</kw>
<kw name="Evaluate" library="BuiltIn">
<doc>Evaluates the given expression in Python and returns the result.</doc>
<arguments>
<arg>("${user}", "${passwd}",)</arg>
</arguments>
<assign>
<var>${user_pass}</var>
</assign>
<msg timestamp="20200906 11:07:14.632" level="INFO">${user_pass} = ('admin', 'admin')</msg>
<status status="PASS" starttime="20200906 11:07:14.632" endtime="20200906 11:07:14.632"></status>
</kw>
<kw name="Get" library="requests">
<doc>Sends a GET request.</doc>
<arguments>
<arg>${url}</arg>
<arg>auth=${user_pass}</arg>
<arg>headers=${headers}</arg>
</arguments>
<assign>
<var>${resp}</var>
</assign>
<msg timestamp="20200906 11:07:16.859" level="INFO">${resp} = &lt;Response [200]&gt;</msg>
<status status="PASS" starttime="20200906 11:07:14.632" endtime="20200906 11:07:16.859"></status>
</kw>
<kw name="Set Global Variable" library="BuiltIn">
<doc>Makes a variable available globally in all tests and suites.</doc>
<arguments>
<arg>${resp}</arg>
</arguments>
<msg timestamp="20200906 11:07:16.859" level="INFO">${resp} = &lt;Response [200]&gt;</msg>
<status status="PASS" starttime="20200906 11:07:16.859" endtime="20200906 11:07:16.859"></status>
</kw>
<kw name="Set Global Variable" library="BuiltIn">
<doc>Makes a variable available globally in all tests and suites.</doc>
<arguments>
<arg>${user}</arg>
</arguments>
<msg timestamp="20200906 11:07:16.859" level="INFO">${user} = admin</msg>
<status status="PASS" starttime="20200906 11:07:16.859" endtime="20200906 11:07:16.859"></status>
</kw>
<status status="PASS" starttime="20200906 11:07:14.632" endtime="20200906 11:07:16.859"></status>
</kw>
<kw name="Evaluate" library="BuiltIn">
<doc>Evaluates the given expression in Python and returns the result.</doc>
<arguments>
<arg>json.dumps(${resp.json()})</arg>
<arg>json</arg>
</arguments>
<assign>
<var>${resp_dict}</var>
</assign>
<msg timestamp="20200906 11:07:16.859" level="INFO">${resp_dict} = {"payments": [[1, 12345, "john", 12.5, "EUR", 1], [3, 5, "admin", 1542.0, "USD", 0]]}</msg>
<status status="PASS" starttime="20200906 11:07:16.859" endtime="20200906 11:07:16.859"></status>
</kw>
<kw name="Evaluate" library="BuiltIn">
<doc>Evaluates the given expression in Python and returns the result.</doc>
<arguments>
<arg>json.loads('''${resp_dict}''')</arg>
<arg>json</arg>
</arguments>
<assign>
<var>${data}</var>
</assign>
<msg timestamp="20200906 11:07:16.859" level="INFO">${data} = {'payments': [[1, 12345, 'john', 12.5, 'EUR', 1], [3, 5, 'admin', 1542.0, 'USD', 0]]}</msg>
<status status="PASS" starttime="20200906 11:07:16.859" endtime="20200906 11:07:16.859"></status>
</kw>
<kw name="Should Be True" library="BuiltIn">
<doc>Fails if the given condition is not true.</doc>
<arguments>
<arg>${data["payments"][1][0]}==2</arg>
</arguments>
<msg timestamp="20200906 11:07:16.859" level="FAIL">'3==2' should be true.</msg>
<status status="FAIL" starttime="20200906 11:07:16.859" endtime="20200906 11:07:16.859"></status>
</kw>
<status status="FAIL" starttime="20200906 11:07:14.632" endtime="20200906 11:07:16.859"></status>
</kw>
<kw name="Restore Database" library="keywords" type="teardown">
<kw name="i request to retrive the payments as" library="keywords">
<arguments>
<arg>admin</arg>
<arg>admin</arg>
</arguments>
<kw name="Convert To Boolean" library="BuiltIn">
<doc>Converts the given item to Boolean true or false.</doc>
<arguments>
<arg>False</arg>
</arguments>
<assign>
<var>${false}</var>
</assign>
<msg timestamp="20200906 11:07:16.859" level="INFO">${false} = False</msg>
<status status="PASS" starttime="20200906 11:07:16.859" endtime="20200906 11:07:16.859"></status>
</kw>
<kw name="Evaluate" library="BuiltIn">
<doc>Evaluates the given expression in Python and returns the result.</doc>
<arguments>
<arg>("${user}", "${passwd}",)</arg>
</arguments>
<assign>
<var>${user_pass}</var>
</assign>
<msg timestamp="20200906 11:07:16.859" level="INFO">${user_pass} = ('admin', 'admin')</msg>
<status status="PASS" starttime="20200906 11:07:16.859" endtime="20200906 11:07:16.859"></status>
</kw>
<kw name="Get" library="requests">
<doc>Sends a GET request.</doc>
<arguments>
<arg>${url}</arg>
<arg>auth=${user_pass}</arg>
<arg>headers=${headers}</arg>
</arguments>
<assign>
<var>${resp}</var>
</assign>
<msg timestamp="20200906 11:07:19.100" level="INFO">${resp} = &lt;Response [200]&gt;</msg>
<status status="PASS" starttime="20200906 11:07:16.859" endtime="20200906 11:07:19.100"></status>
</kw>
<kw name="Set Global Variable" library="BuiltIn">
<doc>Makes a variable available globally in all tests and suites.</doc>
<arguments>
<arg>${resp}</arg>
</arguments>
<msg timestamp="20200906 11:07:19.100" level="INFO">${resp} = &lt;Response [200]&gt;</msg>
<status status="PASS" starttime="20200906 11:07:19.100" endtime="20200906 11:07:19.100"></status>
</kw>
<kw name="Set Global Variable" library="BuiltIn">
<doc>Makes a variable available globally in all tests and suites.</doc>
<arguments>
<arg>${user}</arg>
</arguments>
<msg timestamp="20200906 11:07:19.100" level="INFO">${user} = admin</msg>
<status status="PASS" starttime="20200906 11:07:19.100" endtime="20200906 11:07:19.100"></status>
</kw>
<status status="PASS" starttime="20200906 11:07:16.859" endtime="20200906 11:07:19.100"></status>
</kw>
<kw name="Log To Console" library="BuiltIn">
<doc>Logs the given message to the console.</doc>
<arguments>
<arg>Jsonnn: ${resp.json()}</arg>
</arguments>
<status status="PASS" starttime="20200906 11:07:19.100" endtime="20200906 11:07:19.100"></status>
</kw>
<kw name="Evaluate" library="BuiltIn">
<doc>Evaluates the given expression in Python and returns the result.</doc>
<arguments>
<arg>json.dumps(${resp.json()})</arg>
<arg>json</arg>
</arguments>
<assign>
<var>${resp_dict}</var>
</assign>
<msg timestamp="20200906 11:07:19.100" level="INFO">${resp_dict} = {"payments": [[1, 12345, "john", 12.5, "EUR", 1], [3, 5, "admin", 1542.0, "USD", 0]]}</msg>
<status status="PASS" starttime="20200906 11:07:19.100" endtime="20200906 11:07:19.100"></status>
</kw>
<kw name="Evaluate" library="BuiltIn">
<doc>Evaluates the given expression in Python and returns the result.</doc>
<arguments>
<arg>json.loads('''${resp_dict}''')</arg>
<arg>json</arg>
</arguments>
<assign>
<var>${data}</var>
</assign>
<msg timestamp="20200906 11:07:19.100" level="INFO">${data} = {'payments': [[1, 12345, 'john', 12.5, 'EUR', 1], [3, 5, 'admin', 1542.0, 'USD', 0]]}</msg>
<status status="PASS" starttime="20200906 11:07:19.100" endtime="20200906 11:07:19.100"></status>
</kw>
<kw name="Get Length" library="BuiltIn">
<doc>Returns and logs the length of the given item as an integer.</doc>
<arguments>
<arg>${data["payments"]}</arg>
</arguments>
<assign>
<var>${lenght}</var>
</assign>
<msg timestamp="20200906 11:07:19.100" level="INFO">Length is 2</msg>
<msg timestamp="20200906 11:07:19.100" level="INFO">${lenght} = 2</msg>
<status status="PASS" starttime="20200906 11:07:19.100" endtime="20200906 11:07:19.100"></status>
</kw>
<kw name="Create List" library="BuiltIn">
<doc>Returns a list containing given items.</doc>
<assign>
<var>@{L1}</var>
</assign>
<msg timestamp="20200906 11:07:19.100" level="INFO">@{L1} = [ ]</msg>
<status status="PASS" starttime="20200906 11:07:19.100" endtime="20200906 11:07:19.100"></status>
</kw>
<kw name="${loop} IN RANGE [ 0 | ${lenght} ]" type="for">
<kw name="${loop} = 0" type="foritem">
<kw name="Append To List" library="Collections">
<doc>Adds ``values`` to the end of ``list``.</doc>
<arguments>
<arg>${L1}</arg>
<arg>${data["payments"][${loop}][0]}</arg>
</arguments>
<status status="PASS" starttime="20200906 11:07:19.100" endtime="20200906 11:07:19.100"></status>
</kw>
<status status="PASS" starttime="20200906 11:07:19.100" endtime="20200906 11:07:19.100"></status>
</kw>
<kw name="${loop} = 1" type="foritem">
<kw name="Append To List" library="Collections">
<doc>Adds ``values`` to the end of ``list``.</doc>
<arguments>
<arg>${L1}</arg>
<arg>${data["payments"][${loop}][0]}</arg>
</arguments>
<status status="PASS" starttime="20200906 11:07:19.100" endtime="20200906 11:07:19.100"></status>
</kw>
<status status="PASS" starttime="20200906 11:07:19.100" endtime="20200906 11:07:19.100"></status>
</kw>
<status status="PASS" starttime="20200906 11:07:19.100" endtime="20200906 11:07:19.100"></status>
</kw>
<kw name="Log Many" library="BuiltIn">
<doc>Logs the given messages as separate entries using the INFO level.</doc>
<arguments>
<arg>List:</arg>
<arg>@{L1}</arg>
</arguments>
<msg timestamp="20200906 11:07:19.100" level="INFO">List:</msg>
<msg timestamp="20200906 11:07:19.100" level="INFO">1</msg>
<msg timestamp="20200906 11:07:19.100" level="INFO">3</msg>
<status status="PASS" starttime="20200906 11:07:19.100" endtime="20200906 11:07:19.100"></status>
</kw>
<kw name="Evaluate" library="BuiltIn">
<doc>Evaluates the given expression in Python and returns the result.</doc>
<arguments>
<arg>("admin", "admin",)</arg>
</arguments>
<assign>
<var>${user_pass}</var>
</assign>
<msg timestamp="20200906 11:07:19.100" level="INFO">${user_pass} = ('admin', 'admin')</msg>
<status status="PASS" starttime="20200906 11:07:19.100" endtime="20200906 11:07:19.100"></status>
</kw>
<kw name="Get Length" library="BuiltIn">
<doc>Returns and logs the length of the given item as an integer.</doc>
<arguments>
<arg>${L1}</arg>
</arguments>
<assign>
<var>${lenght_list}</var>
</assign>
<msg timestamp="20200906 11:07:19.100" level="INFO">Length is 2</msg>
<msg timestamp="20200906 11:07:19.100" level="INFO">${lenght_list} = 2</msg>
<status status="PASS" starttime="20200906 11:07:19.100" endtime="20200906 11:07:19.100"></status>
</kw>
<kw name="${loop_list} IN RANGE [ 1 | ${lenght_list} ]" type="for">
<kw name="${loop_list} = 1" type="foritem">
<kw name="Delete" library="requests">
<doc>Sends a DELETE request.</doc>
<arguments>
<arg>${url}/${L1}[${loop_list}]</arg>
<arg>auth=${user_pass}</arg>
<arg>headers=${headers}</arg>
</arguments>
<assign>
<var>${resp_delete}</var>
</assign>
<msg timestamp="20200906 11:07:21.347" level="INFO">${resp_delete} = &lt;Response [200]&gt;</msg>
<status status="PASS" starttime="20200906 11:07:19.100" endtime="20200906 11:07:21.347"></status>
</kw>
<status status="PASS" starttime="20200906 11:07:19.100" endtime="20200906 11:07:21.347"></status>
</kw>
<status status="PASS" starttime="20200906 11:07:19.100" endtime="20200906 11:07:21.347"></status>
</kw>
<status status="PASS" starttime="20200906 11:07:16.859" endtime="20200906 11:07:21.347"></status>
</kw>
<status status="FAIL" starttime="20200906 11:07:07.867" endtime="20200906 11:07:21.347" critical="yes">'3==2' should be true.</status>
</test>
<doc>A test suite with a single test for valid login.

NN Test Cases.</doc>
<status status="FAIL" starttime="20200906 11:06:40.902" endtime="20200906 11:07:21.352"></status>
</suite>
<suite id="s1-s2" name="Get" source="C:\Users\User\Desktop\NN\test_cases\get.robot">
<test id="s1-s2-t1" name="Scenario: Retrive all payments">
<kw name="Retrive all payments">
<arguments>
<arg>admin</arg>
<arg>admin</arg>
</arguments>
<kw name="When i request to retrive the payments as" library="keywords">
<arguments>
<arg>${user}</arg>
<arg>${passwd}</arg>
</arguments>
<kw name="Convert To Boolean" library="BuiltIn">
<doc>Converts the given item to Boolean true or false.</doc>
<arguments>
<arg>False</arg>
</arguments>
<assign>
<var>${false}</var>
</assign>
<msg timestamp="20200906 11:07:21.367" level="INFO">${false} = False</msg>
<status status="PASS" starttime="20200906 11:07:21.367" endtime="20200906 11:07:21.367"></status>
</kw>
<kw name="Evaluate" library="BuiltIn">
<doc>Evaluates the given expression in Python and returns the result.</doc>
<arguments>
<arg>("${user}", "${passwd}",)</arg>
</arguments>
<assign>
<var>${user_pass}</var>
</assign>
<msg timestamp="20200906 11:07:21.367" level="INFO">${user_pass} = ('admin', 'admin')</msg>
<status status="PASS" starttime="20200906 11:07:21.367" endtime="20200906 11:07:21.367"></status>
</kw>
<kw name="Get" library="requests">
<doc>Sends a GET request.</doc>
<arguments>
<arg>${url}</arg>
<arg>auth=${user_pass}</arg>
<arg>headers=${headers}</arg>
</arguments>
<assign>
<var>${resp}</var>
</assign>
<msg timestamp="20200906 11:07:23.611" level="INFO">${resp} = &lt;Response [200]&gt;</msg>
<status status="PASS" starttime="20200906 11:07:21.367" endtime="20200906 11:07:23.611"></status>
</kw>
<kw name="Set Global Variable" library="BuiltIn">
<doc>Makes a variable available globally in all tests and suites.</doc>
<arguments>
<arg>${resp}</arg>
</arguments>
<msg timestamp="20200906 11:07:23.612" level="INFO">${resp} = &lt;Response [200]&gt;</msg>
<status status="PASS" starttime="20200906 11:07:23.612" endtime="20200906 11:07:23.612"></status>
</kw>
<kw name="Set Global Variable" library="BuiltIn">
<doc>Makes a variable available globally in all tests and suites.</doc>
<arguments>
<arg>${user}</arg>
</arguments>
<msg timestamp="20200906 11:07:23.613" level="INFO">${user} = admin</msg>
<status status="PASS" starttime="20200906 11:07:23.612" endtime="20200906 11:07:23.613"></status>
</kw>
<status status="PASS" starttime="20200906 11:07:21.367" endtime="20200906 11:07:23.613"></status>
</kw>
<kw name="Then the payments should be retrived" library="keywords">
<kw name="Log To Console" library="BuiltIn">
<doc>Logs the given message to the console.</doc>
<arguments>
<arg>\nGet Json Response:\n${resp.json()}</arg>
</arguments>
<status status="PASS" starttime="20200906 11:07:23.613" endtime="20200906 11:07:23.614"></status>
</kw>
<kw name="Run Keyword If" library="BuiltIn">
<doc>Runs the given keyword with the given arguments, if ``condition`` is true.</doc>
<arguments>
<arg>'${user}'=='admin'</arg>
<arg>Should be true</arg>
<arg>'${resp.status_code}'=='200'</arg>
</arguments>
<kw name="Should Be True" library="BuiltIn">
<doc>Fails if the given condition is not true.</doc>
<arguments>
<arg>'${resp.status_code}'=='200'</arg>
</arguments>
<status status="PASS" starttime="20200906 11:07:23.615" endtime="20200906 11:07:23.615"></status>
</kw>
<status status="PASS" starttime="20200906 11:07:23.614" endtime="20200906 11:07:23.615"></status>
</kw>
<kw name="Run Keyword If" library="BuiltIn">
<doc>Runs the given keyword with the given arguments, if ``condition`` is true.</doc>
<arguments>
<arg>'${user}'=='john'</arg>
<arg>Should be true</arg>
<arg>'${resp.status_code}'=='200'</arg>
</arguments>
<status status="PASS" starttime="20200906 11:07:23.615" endtime="20200906 11:07:23.615"></status>
</kw>
<kw name="Run Keyword If" library="BuiltIn">
<doc>Runs the given keyword with the given arguments, if ``condition`` is true.</doc>
<arguments>
<arg>'${user}'=='unknown'</arg>
<arg>Should be true</arg>
<arg>'${resp.status_code}'=='403'</arg>
</arguments>
<status status="PASS" starttime="20200906 11:07:23.616" endtime="20200906 11:07:23.616"></status>
</kw>
<status status="PASS" starttime="20200906 11:07:23.613" endtime="20200906 11:07:23.616"></status>
</kw>
<status status="PASS" starttime="20200906 11:07:21.366" endtime="20200906 11:07:23.616"></status>
</kw>
<kw name="Retrive all payments">
<arguments>
<arg>john</arg>
<arg>john</arg>
</arguments>
<kw name="When i request to retrive the payments as" library="keywords">
<arguments>
<arg>${user}</arg>
<arg>${passwd}</arg>
</arguments>
<kw name="Convert To Boolean" library="BuiltIn">
<doc>Converts the given item to Boolean true or false.</doc>
<arguments>
<arg>False</arg>
</arguments>
<assign>
<var>${false}</var>
</assign>
<msg timestamp="20200906 11:07:23.618" level="INFO">${false} = False</msg>
<status status="PASS" starttime="20200906 11:07:23.618" endtime="20200906 11:07:23.618"></status>
</kw>
<kw name="Evaluate" library="BuiltIn">
<doc>Evaluates the given expression in Python and returns the result.</doc>
<arguments>
<arg>("${user}", "${passwd}",)</arg>
</arguments>
<assign>
<var>${user_pass}</var>
</assign>
<msg timestamp="20200906 11:07:23.619" level="INFO">${user_pass} = ('john', 'john')</msg>
<status status="PASS" starttime="20200906 11:07:23.619" endtime="20200906 11:07:23.619"></status>
</kw>
<kw name="Get" library="requests">
<doc>Sends a GET request.</doc>
<arguments>
<arg>${url}</arg>
<arg>auth=${user_pass}</arg>
<arg>headers=${headers}</arg>
</arguments>
<assign>
<var>${resp}</var>
</assign>
<msg timestamp="20200906 11:07:25.861" level="INFO">${resp} = &lt;Response [200]&gt;</msg>
<status status="PASS" starttime="20200906 11:07:23.619" endtime="20200906 11:07:25.861"></status>
</kw>
<kw name="Set Global Variable" library="BuiltIn">
<doc>Makes a variable available globally in all tests and suites.</doc>
<arguments>
<arg>${resp}</arg>
</arguments>
<msg timestamp="20200906 11:07:25.861" level="INFO">${resp} = &lt;Response [200]&gt;</msg>
<status status="PASS" starttime="20200906 11:07:25.861" endtime="20200906 11:07:25.861"></status>
</kw>
<kw name="Set Global Variable" library="BuiltIn">
<doc>Makes a variable available globally in all tests and suites.</doc>
<arguments>
<arg>${user}</arg>
</arguments>
<msg timestamp="20200906 11:07:25.862" level="INFO">${user} = john</msg>
<status status="PASS" starttime="20200906 11:07:25.862" endtime="20200906 11:07:25.862"></status>
</kw>
<status status="PASS" starttime="20200906 11:07:23.617" endtime="20200906 11:07:25.862"></status>
</kw>
<kw name="Then the payments should be retrived" library="keywords">
<kw name="Log To Console" library="BuiltIn">
<doc>Logs the given message to the console.</doc>
<arguments>
<arg>\nGet Json Response:\n${resp.json()}</arg>
</arguments>
<status status="PASS" starttime="20200906 11:07:25.862" endtime="20200906 11:07:25.863"></status>
</kw>
<kw name="Run Keyword If" library="BuiltIn">
<doc>Runs the given keyword with the given arguments, if ``condition`` is true.</doc>
<arguments>
<arg>'${user}'=='admin'</arg>
<arg>Should be true</arg>
<arg>'${resp.status_code}'=='200'</arg>
</arguments>
<status status="PASS" starttime="20200906 11:07:25.863" endtime="20200906 11:07:25.864"></status>
</kw>
<kw name="Run Keyword If" library="BuiltIn">
<doc>Runs the given keyword with the given arguments, if ``condition`` is true.</doc>
<arguments>
<arg>'${user}'=='john'</arg>
<arg>Should be true</arg>
<arg>'${resp.status_code}'=='200'</arg>
</arguments>
<kw name="Should Be True" library="BuiltIn">
<doc>Fails if the given condition is not true.</doc>
<arguments>
<arg>'${resp.status_code}'=='200'</arg>
</arguments>
<status status="PASS" starttime="20200906 11:07:25.864" endtime="20200906 11:07:25.864"></status>
</kw>
<status status="PASS" starttime="20200906 11:07:25.864" endtime="20200906 11:07:25.865"></status>
</kw>
<kw name="Run Keyword If" library="BuiltIn">
<doc>Runs the given keyword with the given arguments, if ``condition`` is true.</doc>
<arguments>
<arg>'${user}'=='unknown'</arg>
<arg>Should be true</arg>
<arg>'${resp.status_code}'=='403'</arg>
</arguments>
<status status="PASS" starttime="20200906 11:07:25.865" endtime="20200906 11:07:25.865"></status>
</kw>
<status status="PASS" starttime="20200906 11:07:25.862" endtime="20200906 11:07:25.865"></status>
</kw>
<status status="PASS" starttime="20200906 11:07:23.617" endtime="20200906 11:07:25.865"></status>
</kw>
<kw name="Retrive all payments">
<arguments>
<arg>unknown</arg>
<arg>unknown</arg>
</arguments>
<kw name="When i request to retrive the payments as" library="keywords">
<arguments>
<arg>${user}</arg>
<arg>${passwd}</arg>
</arguments>
<kw name="Convert To Boolean" library="BuiltIn">
<doc>Converts the given item to Boolean true or false.</doc>
<arguments>
<arg>False</arg>
</arguments>
<assign>
<var>${false}</var>
</assign>
<msg timestamp="20200906 11:07:25.867" level="INFO">${false} = False</msg>
<status status="PASS" starttime="20200906 11:07:25.866" endtime="20200906 11:07:25.867"></status>
</kw>
<kw name="Evaluate" library="BuiltIn">
<doc>Evaluates the given expression in Python and returns the result.</doc>
<arguments>
<arg>("${user}", "${passwd}",)</arg>
</arguments>
<assign>
<var>${user_pass}</var>
</assign>
<msg timestamp="20200906 11:07:25.867" level="INFO">${user_pass} = ('unknown', 'unknown')</msg>
<status status="PASS" starttime="20200906 11:07:25.867" endtime="20200906 11:07:25.867"></status>
</kw>
<kw name="Get" library="requests">
<doc>Sends a GET request.</doc>
<arguments>
<arg>${url}</arg>
<arg>auth=${user_pass}</arg>
<arg>headers=${headers}</arg>
</arguments>
<assign>
<var>${resp}</var>
</assign>
<msg timestamp="20200906 11:07:27.874" level="INFO">${resp} = &lt;Response [403]&gt;</msg>
<status status="PASS" starttime="20200906 11:07:25.867" endtime="20200906 11:07:27.874"></status>
</kw>
<kw name="Set Global Variable" library="BuiltIn">
<doc>Makes a variable available globally in all tests and suites.</doc>
<arguments>
<arg>${resp}</arg>
</arguments>
<msg timestamp="20200906 11:07:27.875" level="INFO">${resp} = &lt;Response [403]&gt;</msg>
<status status="PASS" starttime="20200906 11:07:27.874" endtime="20200906 11:07:27.875"></status>
</kw>
<kw name="Set Global Variable" library="BuiltIn">
<doc>Makes a variable available globally in all tests and suites.</doc>
<arguments>
<arg>${user}</arg>
</arguments>
<msg timestamp="20200906 11:07:27.875" level="INFO">${user} = unknown</msg>
<status status="PASS" starttime="20200906 11:07:27.875" endtime="20200906 11:07:27.875"></status>
</kw>
<status status="PASS" starttime="20200906 11:07:25.866" endtime="20200906 11:07:27.875"></status>
</kw>
<kw name="Then the payments should be retrived" library="keywords">
<kw name="Log To Console" library="BuiltIn">
<doc>Logs the given message to the console.</doc>
<arguments>
<arg>\nGet Json Response:\n${resp.json()}</arg>
</arguments>
<status status="PASS" starttime="20200906 11:07:27.876" endtime="20200906 11:07:27.877"></status>
</kw>
<kw name="Run Keyword If" library="BuiltIn">
<doc>Runs the given keyword with the given arguments, if ``condition`` is true.</doc>
<arguments>
<arg>'${user}'=='admin'</arg>
<arg>Should be true</arg>
<arg>'${resp.status_code}'=='200'</arg>
</arguments>
<status status="PASS" starttime="20200906 11:07:27.877" endtime="20200906 11:07:27.877"></status>
</kw>
<kw name="Run Keyword If" library="BuiltIn">
<doc>Runs the given keyword with the given arguments, if ``condition`` is true.</doc>
<arguments>
<arg>'${user}'=='john'</arg>
<arg>Should be true</arg>
<arg>'${resp.status_code}'=='200'</arg>
</arguments>
<status status="PASS" starttime="20200906 11:07:27.877" endtime="20200906 11:07:27.877"></status>
</kw>
<kw name="Run Keyword If" library="BuiltIn">
<doc>Runs the given keyword with the given arguments, if ``condition`` is true.</doc>
<arguments>
<arg>'${user}'=='unknown'</arg>
<arg>Should be true</arg>
<arg>'${resp.status_code}'=='403'</arg>
</arguments>
<kw name="Should Be True" library="BuiltIn">
<doc>Fails if the given condition is not true.</doc>
<arguments>
<arg>'${resp.status_code}'=='403'</arg>
</arguments>
<status status="PASS" starttime="20200906 11:07:27.878" endtime="20200906 11:07:27.879"></status>
</kw>
<status status="PASS" starttime="20200906 11:07:27.877" endtime="20200906 11:07:27.879"></status>
</kw>
<status status="PASS" starttime="20200906 11:07:27.876" endtime="20200906 11:07:27.879"></status>
</kw>
<status status="PASS" starttime="20200906 11:07:25.866" endtime="20200906 11:07:27.879"></status>
</kw>
<kw name="Restore Database" library="keywords" type="teardown">
<kw name="i request to retrive the payments as" library="keywords">
<arguments>
<arg>admin</arg>
<arg>admin</arg>
</arguments>
<kw name="Convert To Boolean" library="BuiltIn">
<doc>Converts the given item to Boolean true or false.</doc>
<arguments>
<arg>False</arg>
</arguments>
<assign>
<var>${false}</var>
</assign>
<msg timestamp="20200906 11:07:27.881" level="INFO">${false} = False</msg>
<status status="PASS" starttime="20200906 11:07:27.880" endtime="20200906 11:07:27.881"></status>
</kw>
<kw name="Evaluate" library="BuiltIn">
<doc>Evaluates the given expression in Python and returns the result.</doc>
<arguments>
<arg>("${user}", "${passwd}",)</arg>
</arguments>
<assign>
<var>${user_pass}</var>
</assign>
<msg timestamp="20200906 11:07:27.881" level="INFO">${user_pass} = ('admin', 'admin')</msg>
<status status="PASS" starttime="20200906 11:07:27.881" endtime="20200906 11:07:27.881"></status>
</kw>
<kw name="Get" library="requests">
<doc>Sends a GET request.</doc>
<arguments>
<arg>${url}</arg>
<arg>auth=${user_pass}</arg>
<arg>headers=${headers}</arg>
</arguments>
<assign>
<var>${resp}</var>
</assign>
<msg timestamp="20200906 11:07:30.127" level="INFO">${resp} = &lt;Response [200]&gt;</msg>
<status status="PASS" starttime="20200906 11:07:27.881" endtime="20200906 11:07:30.127"></status>
</kw>
<kw name="Set Global Variable" library="BuiltIn">
<doc>Makes a variable available globally in all tests and suites.</doc>
<arguments>
<arg>${resp}</arg>
</arguments>
<msg timestamp="20200906 11:07:30.128" level="INFO">${resp} = &lt;Response [200]&gt;</msg>
<status status="PASS" starttime="20200906 11:07:30.128" endtime="20200906 11:07:30.128"></status>
</kw>
<kw name="Set Global Variable" library="BuiltIn">
<doc>Makes a variable available globally in all tests and suites.</doc>
<arguments>
<arg>${user}</arg>
</arguments>
<msg timestamp="20200906 11:07:30.129" level="INFO">${user} = admin</msg>
<status status="PASS" starttime="20200906 11:07:30.128" endtime="20200906 11:07:30.129"></status>
</kw>
<status status="PASS" starttime="20200906 11:07:27.880" endtime="20200906 11:07:30.129"></status>
</kw>
<kw name="Log To Console" library="BuiltIn">
<doc>Logs the given message to the console.</doc>
<arguments>
<arg>Jsonnn: ${resp.json()}</arg>
</arguments>
<status status="PASS" starttime="20200906 11:07:30.129" endtime="20200906 11:07:30.129"></status>
</kw>
<kw name="Evaluate" library="BuiltIn">
<doc>Evaluates the given expression in Python and returns the result.</doc>
<arguments>
<arg>json.dumps(${resp.json()})</arg>
<arg>json</arg>
</arguments>
<assign>
<var>${resp_dict}</var>
</assign>
<msg timestamp="20200906 11:07:30.130" level="INFO">${resp_dict} = {"payments": [[1, 12345, "john", 12.5, "EUR", 1]]}</msg>
<status status="PASS" starttime="20200906 11:07:30.130" endtime="20200906 11:07:30.130"></status>
</kw>
<kw name="Evaluate" library="BuiltIn">
<doc>Evaluates the given expression in Python and returns the result.</doc>
<arguments>
<arg>json.loads('''${resp_dict}''')</arg>
<arg>json</arg>
</arguments>
<assign>
<var>${data}</var>
</assign>
<msg timestamp="20200906 11:07:30.130" level="INFO">${data} = {'payments': [[1, 12345, 'john', 12.5, 'EUR', 1]]}</msg>
<status status="PASS" starttime="20200906 11:07:30.130" endtime="20200906 11:07:30.130"></status>
</kw>
<kw name="Get Length" library="BuiltIn">
<doc>Returns and logs the length of the given item as an integer.</doc>
<arguments>
<arg>${data["payments"]}</arg>
</arguments>
<assign>
<var>${lenght}</var>
</assign>
<msg timestamp="20200906 11:07:30.131" level="INFO">Length is 1</msg>
<msg timestamp="20200906 11:07:30.131" level="INFO">${lenght} = 1</msg>
<status status="PASS" starttime="20200906 11:07:30.131" endtime="20200906 11:07:30.131"></status>
</kw>
<kw name="Create List" library="BuiltIn">
<doc>Returns a list containing given items.</doc>
<assign>
<var>@{L1}</var>
</assign>
<msg timestamp="20200906 11:07:30.131" level="INFO">@{L1} = [ ]</msg>
<status status="PASS" starttime="20200906 11:07:30.131" endtime="20200906 11:07:30.131"></status>
</kw>
<kw name="${loop} IN RANGE [ 0 | ${lenght} ]" type="for">
<kw name="${loop} = 0" type="foritem">
<kw name="Append To List" library="Collections">
[...]
</arguments>
<msg timestamp="20200906 11:08:15.004" level="INFO">${user} = admin</msg>
<status status="PASS" starttime="20200906 11:08:15.004" endtime="20200906 11:08:15.004"></status>
</kw>
<status status="PASS" starttime="20200906 11:08:12.749" endtime="20200906 11:08:15.004"></status>
</kw>
<kw name="Log To Console" library="BuiltIn">
<doc>Logs the given message to the console.</doc>
<arguments>
<arg>Jsonnn: ${resp.json()}</arg>
</arguments>
<status status="PASS" starttime="20200906 11:08:15.005" endtime="20200906 11:08:15.005"></status>
</kw>
<kw name="Evaluate" library="BuiltIn">
<doc>Evaluates the given expression in Python and returns the result.</doc>
<arguments>
<arg>json.dumps(${resp.json()})</arg>
<arg>json</arg>
</arguments>
<assign>
<var>${resp_dict}</var>
</assign>
<msg timestamp="20200906 11:08:15.006" level="INFO">${resp_dict} = {"payments": [[1, 12345, "john", 12.5, "EUR", 1], [2, 1, "admin", 949.0, "GBP", 0], [3, 1, "john", 949.0, "GBP", 0]]}</msg>
<status status="PASS" starttime="20200906 11:08:15.005" endtime="20200906 11:08:15.006"></status>
</kw>
<kw name="Evaluate" library="BuiltIn">
<doc>Evaluates the given expression in Python and returns the result.</doc>
<arguments>
<arg>json.loads('''${resp_dict}''')</arg>
<arg>json</arg>
</arguments>
<assign>
<var>${data}</var>
</assign>
<msg timestamp="20200906 11:08:15.006" level="INFO">${data} = {'payments': [[1, 12345, 'john', 12.5, 'EUR', 1], [2, 1, 'admin', 949.0, 'GBP', 0], [3, 1, 'john', 949.0, 'GBP', 0]]}</msg>
<status status="PASS" starttime="20200906 11:08:15.006" endtime="20200906 11:08:15.006"></status>
</kw>
<kw name="Get Length" library="BuiltIn">
<doc>Returns and logs the length of the given item as an integer.</doc>
<arguments>
<arg>${data["payments"]}</arg>
</arguments>
<assign>
<var>${lenght}</var>
</assign>
<msg timestamp="20200906 11:08:15.007" level="INFO">Length is 3</msg>
<msg timestamp="20200906 11:08:15.007" level="INFO">${lenght} = 3</msg>
<status status="PASS" starttime="20200906 11:08:15.006" endtime="20200906 11:08:15.007"></status>
</kw>
<kw name="Create List" library="BuiltIn">
<doc>Returns a list containing given items.</doc>
<assign>
<var>@{L1}</var>
</assign>
<msg timestamp="20200906 11:08:15.008" level="INFO">@{L1} = [ ]</msg>
<status status="PASS" starttime="20200906 11:08:15.007" endtime="20200906 11:08:15.008"></status>
</kw>
<kw name="${loop} IN RANGE [ 0 | ${lenght} ]" type="for">
<kw name="${loop} = 0" type="foritem">
<kw name="Append To List" library="Collections">
<doc>Adds ``values`` to the end of ``list``.</doc>
<arguments>
<arg>${L1}</arg>
<arg>${data["payments"][${loop}][0]}</arg>
</arguments>
<status status="PASS" starttime="20200906 11:08:15.008" endtime="20200906 11:08:15.009"></status>
</kw>
<status status="PASS" starttime="20200906 11:08:15.008" endtime="20200906 11:08:15.009"></status>
</kw>
<kw name="${loop} = 1" type="foritem">
<kw name="Append To List" library="Collections">
<doc>Adds ``values`` to the end of ``list``.</doc>
<arguments>
<arg>${L1}</arg>
<arg>${data["payments"][${loop}][0]}</arg>
</arguments>
<status status="PASS" starttime="20200906 11:08:15.009" endtime="20200906 11:08:15.009"></status>
</kw>
<status status="PASS" starttime="20200906 11:08:15.009" endtime="20200906 11:08:15.009"></status>
</kw>
<kw name="${loop} = 2" type="foritem">
<kw name="Append To List" library="Collections">
<doc>Adds ``values`` to the end of ``list``.</doc>
<arguments>
<arg>${L1}</arg>
<arg>${data["payments"][${loop}][0]}</arg>
</arguments>
<status status="PASS" starttime="20200906 11:08:15.009" endtime="20200906 11:08:15.010"></status>
</kw>
<status status="PASS" starttime="20200906 11:08:15.009" endtime="20200906 11:08:15.010"></status>
</kw>
<status status="PASS" starttime="20200906 11:08:15.008" endtime="20200906 11:08:15.010"></status>
</kw>
<kw name="Log Many" library="BuiltIn">
<doc>Logs the given messages as separate entries using the INFO level.</doc>
<arguments>
<arg>List:</arg>
<arg>@{L1}</arg>
</arguments>
<msg timestamp="20200906 11:08:15.010" level="INFO">List:</msg>
<msg timestamp="20200906 11:08:15.010" level="INFO">1</msg>
<msg timestamp="20200906 11:08:15.010" level="INFO">2</msg>
<msg timestamp="20200906 11:08:15.010" level="INFO">3</msg>
<status status="PASS" starttime="20200906 11:08:15.010" endtime="20200906 11:08:15.010"></status>
</kw>
<kw name="Evaluate" library="BuiltIn">
<doc>Evaluates the given expression in Python and returns the result.</doc>
<arguments>
<arg>("admin", "admin",)</arg>
</arguments>
<assign>
<var>${user_pass}</var>
</assign>
<msg timestamp="20200906 11:08:15.011" level="INFO">${user_pass} = ('admin', 'admin')</msg>
<status status="PASS" starttime="20200906 11:08:15.010" endtime="20200906 11:08:15.011"></status>
</kw>
<kw name="Get Length" library="BuiltIn">
<doc>Returns and logs the length of the given item as an integer.</doc>
<arguments>
<arg>${L1}</arg>
</arguments>
<assign>
<var>${lenght_list}</var>
</assign>
<msg timestamp="20200906 11:08:15.011" level="INFO">Length is 3</msg>
<msg timestamp="20200906 11:08:15.011" level="INFO">${lenght_list} = 3</msg>
<status status="PASS" starttime="20200906 11:08:15.011" endtime="20200906 11:08:15.011"></status>
</kw>
<kw name="${loop_list} IN RANGE [ 1 | ${lenght_list} ]" type="for">
<kw name="${loop_list} = 1" type="foritem">
<kw name="Delete" library="requests">
<doc>Sends a DELETE request.</doc>
<arguments>
<arg>${url}/${L1}[${loop_list}]</arg>
<arg>auth=${user_pass}</arg>
<arg>headers=${headers}</arg>
</arguments>
<assign>
<var>${resp_delete}</var>
</assign>
<msg timestamp="20200906 11:08:17.297" level="INFO">${resp_delete} = &lt;Response [200]&gt;</msg>
<status status="PASS" starttime="20200906 11:08:15.012" endtime="20200906 11:08:17.297"></status>
</kw>
<status status="PASS" starttime="20200906 11:08:15.012" endtime="20200906 11:08:17.297"></status>
</kw>
<kw name="${loop_list} = 2" type="foritem">
<kw name="Delete" library="requests">
<doc>Sends a DELETE request.</doc>
<arguments>
<arg>${url}/${L1}[${loop_list}]</arg>
<arg>auth=${user_pass}</arg>
<arg>headers=${headers}</arg>
</arguments>
<assign>
<var>${resp_delete}</var>
</assign>
<msg timestamp="20200906 11:08:19.516" level="INFO">${resp_delete} = &lt;Response [200]&gt;</msg>
<status status="PASS" starttime="20200906 11:08:17.297" endtime="20200906 11:08:19.516"></status>
</kw>
<status status="PASS" starttime="20200906 11:08:17.297" endtime="20200906 11:08:19.516"></status>
</kw>
<status status="PASS" starttime="20200906 11:08:15.011" endtime="20200906 11:08:19.516"></status>
</kw>
<status status="PASS" starttime="20200906 11:08:12.748" endtime="20200906 11:08:19.517"></status>
</kw>
<status status="PASS" starttime="20200906 11:07:59.435" endtime="20200906 11:08:19.517" critical="yes"></status>
</test>
<test id="s1-s4-t2" name="Create payment with currency invalid">
<kw name="When i request to create a payment with invalid currency" library="keywords">
<arguments>
<arg>admin</arg>
<arg>admin</arg>
</arguments>
<kw name="Create Dictionary" library="BuiltIn">
<doc>Creates and returns a dictionary based on the given ``items``.</doc>
<arguments>
<arg>purchase=${purchase}</arg>
<arg>amount=${amount}</arg>
<arg>currency='INVAL'</arg>
</arguments>
<assign>
<var>${req_dict}</var>
</assign>
<msg timestamp="20200906 11:08:19.521" level="INFO">${req_dict} = {'purchase': '1', 'amount': '949.0', 'currency': "'INVAL'"}</msg>
<status status="PASS" starttime="20200906 11:08:19.520" endtime="20200906 11:08:19.521"></status>
</kw>
<kw name="Dumps" library="json">
<doc>Serialize ``obj`` to a JSON formatted ``str``.</doc>
<arguments>
<arg>${req_dict}</arg>
</arguments>
<assign>
<var>${req_json}</var>
</assign>
<msg timestamp="20200906 11:08:19.521" level="INFO">${req_json} = {"purchase": "1", "amount": "949.0", "currency": "'INVAL'"}</msg>
<status status="PASS" starttime="20200906 11:08:19.521" endtime="20200906 11:08:19.521"></status>
</kw>
<kw name="Convert To Boolean" library="BuiltIn">
<doc>Converts the given item to Boolean true or false.</doc>
<arguments>
<arg>False</arg>
</arguments>
<assign>
<var>${false}</var>
</assign>
<msg timestamp="20200906 11:08:19.522" level="INFO">${false} = False</msg>
<status status="PASS" starttime="20200906 11:08:19.521" endtime="20200906 11:08:19.522"></status>
</kw>
<kw name="Evaluate" library="BuiltIn">
<doc>Evaluates the given expression in Python and returns the result.</doc>
<arguments>
<arg>("${user}", "${passwd}",)</arg>
</arguments>
<assign>
<var>${user_pass}</var>
</assign>
<msg timestamp="20200906 11:08:19.522" level="INFO">${user_pass} = ('admin', 'admin')</msg>
<status status="PASS" starttime="20200906 11:08:19.522" endtime="20200906 11:08:19.522"></status>
</kw>
<kw name="Log To Console" library="BuiltIn">
<doc>Logs the given message to the console.</doc>
<arguments>
<arg>Json: ${req_json}</arg>
</arguments>
<status status="PASS" starttime="20200906 11:08:19.522" endtime="20200906 11:08:19.523"></status>
</kw>
<kw name="Put" library="requests">
<doc>Sends a PUT request.</doc>
<arguments>
<arg>${url}</arg>
<arg>data=${req_json}</arg>
<arg>auth=${user_pass}</arg>
<arg>headers=${headers}</arg>
</arguments>
<assign>
<var>${resp_put}</var>
</assign>
<msg timestamp="20200906 11:08:21.748" level="INFO">${resp_put} = &lt;Response [200]&gt;</msg>
<status status="PASS" starttime="20200906 11:08:19.523" endtime="20200906 11:08:21.748"></status>
</kw>
<kw name="Set Global Variable" library="BuiltIn">
<doc>Makes a variable available globally in all tests and suites.</doc>
<arguments>
<arg>${resp_put}</arg>
</arguments>
<msg timestamp="20200906 11:08:21.748" level="INFO">${resp_put} = &lt;Response [200]&gt;</msg>
<status status="PASS" starttime="20200906 11:08:21.748" endtime="20200906 11:08:21.749"></status>
</kw>
<kw name="Set Global Variable" library="BuiltIn">
<doc>Makes a variable available globally in all tests and suites.</doc>
<arguments>
<arg>${user}</arg>
</arguments>
<msg timestamp="20200906 11:08:21.749" level="INFO">${user} = admin</msg>
<status status="PASS" starttime="20200906 11:08:21.749" endtime="20200906 11:08:21.749"></status>
</kw>
<kw name="Set Global Variable" library="BuiltIn">
<doc>Makes a variable available globally in all tests and suites.</doc>
<arguments>
<arg>${req_json}</arg>
</arguments>
<msg timestamp="20200906 11:08:21.749" level="INFO">${req_json} = {"purchase": "1", "amount": "949.0", "currency": "'INVAL'"}</msg>
<status status="PASS" starttime="20200906 11:08:21.749" endtime="20200906 11:08:21.750"></status>
</kw>
<status status="PASS" starttime="20200906 11:08:19.520" endtime="20200906 11:08:21.750"></status>
</kw>
<kw name="Then the payment should not be created" library="keywords">
<kw name="Log To Console" library="BuiltIn">
<doc>Logs the given message to the console.</doc>
<arguments>
<arg>\nGet Json Response:\n${resp_put.json()}</arg>
</arguments>
<status status="PASS" starttime="20200906 11:08:21.750" endtime="20200906 11:08:21.751"></status>
</kw>
<kw name="Should Be True" library="BuiltIn">
<doc>Fails if the given condition is not true.</doc>
<arguments>
<arg>'${resp_put.status_code}'=='400'</arg>
</arguments>
<msg timestamp="20200906 11:08:21.751" level="FAIL">''200'=='400'' should be true.</msg>
<status status="FAIL" starttime="20200906 11:08:21.751" endtime="20200906 11:08:21.751"></status>
</kw>
<status status="FAIL" starttime="20200906 11:08:21.750" endtime="20200906 11:08:21.751"></status>
</kw>
<kw name="Restore Database" library="keywords" type="teardown">
<kw name="i request to retrive the payments as" library="keywords">
<arguments>
<arg>admin</arg>
<arg>admin</arg>
</arguments>
<kw name="Convert To Boolean" library="BuiltIn">
<doc>Converts the given item to Boolean true or false.</doc>
<arguments>
<arg>False</arg>
</arguments>
<assign>
<var>${false}</var>
</assign>
<msg timestamp="20200906 11:08:21.753" level="INFO">${false} = False</msg>
<status status="PASS" starttime="20200906 11:08:21.753" endtime="20200906 11:08:21.753"></status>
</kw>
<kw name="Evaluate" library="BuiltIn">
<doc>Evaluates the given expression in Python and returns the result.</doc>
<arguments>
<arg>("${user}", "${passwd}",)</arg>
</arguments>
<assign>
<var>${user_pass}</var>
</assign>
<msg timestamp="20200906 11:08:21.754" level="INFO">${user_pass} = ('admin', 'admin')</msg>
<status status="PASS" starttime="20200906 11:08:21.753" endtime="20200906 11:08:21.754"></status>
</kw>
<kw name="Get" library="requests">
<doc>Sends a GET request.</doc>
<arguments>
<arg>${url}</arg>
<arg>auth=${user_pass}</arg>
<arg>headers=${headers}</arg>
</arguments>
<assign>
<var>${resp}</var>
</assign>
<msg timestamp="20200906 11:08:23.990" level="INFO">${resp} = &lt;Response [200]&gt;</msg>
<status status="PASS" starttime="20200906 11:08:21.754" endtime="20200906 11:08:23.990"></status>
</kw>
<kw name="Set Global Variable" library="BuiltIn">
<doc>Makes a variable available globally in all tests and suites.</doc>
<arguments>
<arg>${resp}</arg>
</arguments>
<msg timestamp="20200906 11:08:23.991" level="INFO">${resp} = &lt;Response [200]&gt;</msg>
<status status="PASS" starttime="20200906 11:08:23.991" endtime="20200906 11:08:23.991"></status>
</kw>
<kw name="Set Global Variable" library="BuiltIn">
<doc>Makes a variable available globally in all tests and suites.</doc>
<arguments>
<arg>${user}</arg>
</arguments>
<msg timestamp="20200906 11:08:23.992" level="INFO">${user} = admin</msg>
<status status="PASS" starttime="20200906 11:08:23.992" endtime="20200906 11:08:23.992"></status>
</kw>
<status status="PASS" starttime="20200906 11:08:21.753" endtime="20200906 11:08:23.992"></status>
</kw>
<kw name="Log To Console" library="BuiltIn">
<doc>Logs the given message to the console.</doc>
<arguments>
<arg>Jsonnn: ${resp.json()}</arg>
</arguments>
<status status="PASS" starttime="20200906 11:08:23.992" endtime="20200906 11:08:23.993"></status>
</kw>
<kw name="Evaluate" library="BuiltIn">
<doc>Evaluates the given expression in Python and returns the result.</doc>
<arguments>
<arg>json.dumps(${resp.json()})</arg>
<arg>json</arg>
</arguments>
<assign>
<var>${resp_dict}</var>
</assign>
<msg timestamp="20200906 11:08:23.995" level="INFO">${resp_dict} = {"payments": [[1, 12345, "john", 12.5, "EUR", 1], [2, 1, "admin", 949.0, "'INVAL'", 0]]}</msg>
<status status="PASS" starttime="20200906 11:08:23.994" endtime="20200906 11:08:23.995"></status>
</kw>
<kw name="Evaluate" library="BuiltIn">
<doc>Evaluates the given expression in Python and returns the result.</doc>
<arguments>
<arg>json.loads('''${resp_dict}''')</arg>
<arg>json</arg>
</arguments>
<assign>
<var>${data}</var>
</assign>
<msg timestamp="20200906 11:08:23.996" level="INFO">${data} = {'payments': [[1, 12345, 'john', 12.5, 'EUR', 1], [2, 1, 'admin', 949.0, "'INVAL'", 0]]}</msg>
<status status="PASS" starttime="20200906 11:08:23.995" endtime="20200906 11:08:23.996"></status>
</kw>
<kw name="Get Length" library="BuiltIn">
<doc>Returns and logs the length of the given item as an integer.</doc>
<arguments>
<arg>${data["payments"]}</arg>
</arguments>
<assign>
<var>${lenght}</var>
</assign>
<msg timestamp="20200906 11:08:23.997" level="INFO">Length is 2</msg>
<msg timestamp="20200906 11:08:23.997" level="INFO">${lenght} = 2</msg>
<status status="PASS" starttime="20200906 11:08:23.996" endtime="20200906 11:08:23.997"></status>
</kw>
<kw name="Create List" library="BuiltIn">
<doc>Returns a list containing given items.</doc>
<assign>
<var>@{L1}</var>
</assign>
<msg timestamp="20200906 11:08:23.997" level="INFO">@{L1} = [ ]</msg>
<status status="PASS" starttime="20200906 11:08:23.997" endtime="20200906 11:08:23.997"></status>
</kw>
<kw name="${loop} IN RANGE [ 0 | ${lenght} ]" type="for">
<kw name="${loop} = 0" type="foritem">
<kw name="Append To List" library="Collections">
<doc>Adds ``values`` to the end of ``list``.</doc>
<arguments>
<arg>${L1}</arg>
<arg>${data["payments"][${loop}][0]}</arg>
</arguments>
<status status="PASS" starttime="20200906 11:08:23.998" endtime="20200906 11:08:23.998"></status>
</kw>
<status status="PASS" starttime="20200906 11:08:23.997" endtime="20200906 11:08:23.998"></status>
</kw>
<kw name="${loop} = 1" type="foritem">
<kw name="Append To List" library="Collections">
<doc>Adds ``values`` to the end of ``list``.</doc>
<arguments>
<arg>${L1}</arg>
<arg>${data["payments"][${loop}][0]}</arg>
</arguments>
<status status="PASS" starttime="20200906 11:08:23.998" endtime="20200906 11:08:23.999"></status>
</kw>
<status status="PASS" starttime="20200906 11:08:23.998" endtime="20200906 11:08:23.999"></status>
</kw>
<status status="PASS" starttime="20200906 11:08:23.997" endtime="20200906 11:08:23.999"></status>
</kw>
<kw name="Log Many" library="BuiltIn">
<doc>Logs the given messages as separate entries using the INFO level.</doc>
<arguments>
<arg>List:</arg>
<arg>@{L1}</arg>
</arguments>
<msg timestamp="20200906 11:08:23.999" level="INFO">List:</msg>
<msg timestamp="20200906 11:08:23.999" level="INFO">1</msg>
<msg timestamp="20200906 11:08:23.999" level="INFO">2</msg>
<status status="PASS" starttime="20200906 11:08:23.999" endtime="20200906 11:08:24.000"></status>
</kw>
<kw name="Evaluate" library="BuiltIn">
<doc>Evaluates the given expression in Python and returns the result.</doc>
<arguments>
<arg>("admin", "admin",)</arg>
</arguments>
<assign>
<var>${user_pass}</var>
</assign>
<msg timestamp="20200906 11:08:24.001" level="INFO">${user_pass} = ('admin', 'admin')</msg>
<status status="PASS" starttime="20200906 11:08:24.000" endtime="20200906 11:08:24.001"></status>
</kw>
<kw name="Get Length" library="BuiltIn">
<doc>Returns and logs the length of the given item as an integer.</doc>
<arguments>
<arg>${L1}</arg>
</arguments>
<assign>
<var>${lenght_list}</var>
</assign>
<msg timestamp="20200906 11:08:24.001" level="INFO">Length is 2</msg>
<msg timestamp="20200906 11:08:24.002" level="INFO">${lenght_list} = 2</msg>
<status status="PASS" starttime="20200906 11:08:24.001" endtime="20200906 11:08:24.002"></status>
</kw>
<kw name="${loop_list} IN RANGE [ 1 | ${lenght_list} ]" type="for">
<kw name="${loop_list} = 1" type="foritem">
<kw name="Delete" library="requests">
<doc>Sends a DELETE request.</doc>
<arguments>
<arg>${url}/${L1}[${loop_list}]</arg>
<arg>auth=${user_pass}</arg>
<arg>headers=${headers}</arg>
</arguments>
<assign>
<var>${resp_delete}</var>
</assign>
<msg timestamp="20200906 11:08:26.217" level="INFO">${resp_delete} = &lt;Response [200]&gt;</msg>
<status status="PASS" starttime="20200906 11:08:24.002" endtime="20200906 11:08:26.217"></status>
</kw>
<status status="PASS" starttime="20200906 11:08:24.002" endtime="20200906 11:08:26.217"></status>
</kw>
<status status="PASS" starttime="20200906 11:08:24.002" endtime="20200906 11:08:26.217"></status>
</kw>
<status status="PASS" starttime="20200906 11:08:21.752" endtime="20200906 11:08:26.217"></status>
</kw>
<status status="FAIL" starttime="20200906 11:08:19.519" endtime="20200906 11:08:26.218" critical="yes">''200'=='400'' should be true.</status>
</test>
<doc>A test suite with a single test for valid login.

NN Test Cases.</doc>
<status status="FAIL" starttime="20200906 11:07:59.422" endtime="20200906 11:08:26.220"></status>
</suite>
<status status="FAIL" starttime="20200906 11:06:40.871" endtime="20200906 11:08:26.224"></status>
</suite>
<statistics>
<total>
<stat pass="4" fail="4">Critical Tests</stat>
<stat pass="4" fail="4">All Tests</stat>
</total>
<tag>
</tag>
<suite>
<stat pass="4" fail="4" id="s1" name="Delete &amp; Get &amp; Post &amp; Put">Delete &amp; Get &amp; Post &amp; Put</stat>
<stat pass="2" fail="1" id="s1-s1" name="Delete">Delete &amp; Get &amp; Post &amp; Put.Delete</stat>
<stat pass="1" fail="0" id="s1-s2" name="Get">Delete &amp; Get &amp; Post &amp; Put.Get</stat>
<stat pass="0" fail="2" id="s1-s3" name="Post">Delete &amp; Get &amp; Post &amp; Put.Post</stat>
<stat pass="1" fail="1" id="s1-s4" name="Put">Delete &amp; Get &amp; Post &amp; Put.Put</stat>
</suite>
</statistics>
<errors>
</errors>
</robot>
